{"/home/travis/build/npmtest/node-npmtest-parcelify/test.js":{"path":"/home/travis/build/npmtest/node-npmtest-parcelify/test.js","s":{"1":2,"2":2,"3":2,"4":2,"5":2,"6":2,"7":2,"8":1,"9":2,"10":2,"11":1,"12":1,"13":1,"14":1,"15":2,"16":2,"17":2,"18":2,"19":1,"20":1,"21":2,"22":2,"23":2,"24":1,"25":1,"26":1,"27":1,"28":1,"29":1,"30":1,"31":1,"32":1,"33":1,"34":1,"35":1,"36":1,"37":1,"38":1,"39":2,"40":2,"41":1,"42":2,"43":2,"44":1,"45":2,"46":2,"47":1,"48":2,"49":2,"50":1,"51":1,"52":1,"53":1,"54":1},"b":{"1":[2,1,1,1],"2":[1,1,1,1],"3":[1,1],"4":[1,1],"5":[1,1],"6":[1,1],"7":[1,1],"8":[1,1],"9":[1,1],"10":[1,1,1],"11":[1,1],"12":[1,1],"13":[1,1],"14":[1,1],"15":[1,1],"16":[1,1],"17":[1,1]},"f":{"1":2,"2":2,"3":2,"4":2,"5":2,"6":1,"7":1,"8":1,"9":2,"10":2,"11":2,"12":2,"13":1},"fnMap":{"1":{"name":"(anonymous_1)","line":12,"loc":{"start":{"line":12,"column":1},"end":{"line":12,"column":13}}},"2":{"name":"(anonymous_2)","line":19,"loc":{"start":{"line":19,"column":5},"end":{"line":19,"column":17}}},"3":{"name":"(anonymous_3)","line":23,"loc":{"start":{"line":23,"column":24},"end":{"line":23,"column":36}}},"4":{"name":"(anonymous_4)","line":61,"loc":{"start":{"line":61,"column":5},"end":{"line":61,"column":17}}},"5":{"name":"(anonymous_5)","line":82,"loc":{"start":{"line":82,"column":5},"end":{"line":82,"column":17}}},"6":{"name":"(anonymous_6)","line":91,"loc":{"start":{"line":91,"column":77},"end":{"line":94,"column":10}}},"7":{"name":"(anonymous_7)","line":112,"loc":{"start":{"line":112,"column":83},"end":{"line":115,"column":10}},"skip":true},"8":{"name":"(anonymous_8)","line":123,"loc":{"start":{"line":123,"column":77},"end":{"line":126,"column":10}},"skip":true},"9":{"name":"(anonymous_9)","line":139,"loc":{"start":{"line":139,"column":12},"end":{"line":139,"column":40}},"skip":true},"10":{"name":"(anonymous_10)","line":147,"loc":{"start":{"line":147,"column":77},"end":{"line":150,"column":10}},"skip":true},"11":{"name":"(anonymous_11)","line":158,"loc":{"start":{"line":158,"column":83},"end":{"line":161,"column":10}},"skip":true},"12":{"name":"(anonymous_12)","line":169,"loc":{"start":{"line":169,"column":79},"end":{"line":172,"column":10}},"skip":true},"13":{"name":"(anonymous_13)","line":180,"loc":{"start":{"line":180,"column":75},"end":{"line":183,"column":10}},"skip":true}},"statementMap":{"1":{"start":{"line":12,"column":0},"end":{"line":195,"column":5}},"2":{"start":{"line":14,"column":4},"end":{"line":14,"column":14}},"3":{"start":{"line":19,"column":4},"end":{"line":56,"column":9}},"4":{"start":{"line":21,"column":8},"end":{"line":21,"column":19}},"5":{"start":{"line":23,"column":8},"end":{"line":35,"column":13}},"6":{"start":{"line":24,"column":12},"end":{"line":34,"column":13}},"7":{"start":{"line":25,"column":16},"end":{"line":28,"column":30}},"8":{"start":{"line":30,"column":16},"end":{"line":33,"column":27}},"9":{"start":{"line":37,"column":8},"end":{"line":39,"column":21}},"10":{"start":{"line":40,"column":8},"end":{"line":53,"column":9}},"11":{"start":{"line":43,"column":12},"end":{"line":46,"column":14}},"12":{"start":{"line":47,"column":12},"end":{"line":47,"column":18}},"13":{"start":{"line":50,"column":12},"end":{"line":51,"column":46}},"14":{"start":{"line":52,"column":12},"end":{"line":52,"column":18}},"15":{"start":{"line":55,"column":8},"end":{"line":55,"column":35}},"16":{"start":{"line":61,"column":4},"end":{"line":63,"column":9}},"17":{"start":{"line":62,"column":8},"end":{"line":62,"column":15}},"18":{"start":{"line":64,"column":4},"end":{"line":77,"column":5}},"19":{"start":{"line":70,"column":8},"end":{"line":70,"column":14}},"20":{"start":{"line":76,"column":8},"end":{"line":76,"column":14}},"21":{"start":{"line":82,"column":4},"end":{"line":84,"column":9}},"22":{"start":{"line":83,"column":8},"end":{"line":83,"column":15}},"23":{"start":{"line":85,"column":4},"end":{"line":194,"column":5}},"24":{"start":{"line":91,"column":8},"end":{"line":99,"column":10}},"25":{"start":{"line":98,"column":12},"end":{"line":98,"column":35}},"26":{"start":{"line":102,"column":8},"end":{"line":104,"column":63}},"27":{"start":{"line":105,"column":8},"end":{"line":105,"column":14}},"28":{"start":{"line":112,"column":8},"end":{"line":121,"column":10},"skip":true},"29":{"start":{"line":119,"column":12},"end":{"line":119,"column":55},"skip":true},"30":{"start":{"line":120,"column":12},"end":{"line":120,"column":48},"skip":true},"31":{"start":{"line":123,"column":8},"end":{"line":136,"column":10},"skip":true},"32":{"start":{"line":130,"column":12},"end":{"line":130,"column":76},"skip":true},"33":{"start":{"line":131,"column":12},"end":{"line":131,"column":73},"skip":true},"34":{"start":{"line":132,"column":12},"end":{"line":132,"column":74},"skip":true},"35":{"start":{"line":133,"column":12},"end":{"line":133,"column":79},"skip":true},"36":{"start":{"line":134,"column":12},"end":{"line":134,"column":25},"skip":true},"37":{"start":{"line":135,"column":12},"end":{"line":135,"column":45},"skip":true},"38":{"start":{"line":138,"column":8},"end":{"line":145,"column":14},"skip":true},"39":{"start":{"line":143,"column":16},"end":{"line":143,"column":29},"skip":true},"40":{"start":{"line":144,"column":16},"end":{"line":144,"column":55},"skip":true},"41":{"start":{"line":147,"column":8},"end":{"line":156,"column":10},"skip":true},"42":{"start":{"line":154,"column":12},"end":{"line":154,"column":25},"skip":true},"43":{"start":{"line":155,"column":12},"end":{"line":155,"column":45},"skip":true},"44":{"start":{"line":158,"column":8},"end":{"line":167,"column":10},"skip":true},"45":{"start":{"line":165,"column":12},"end":{"line":165,"column":25},"skip":true},"46":{"start":{"line":166,"column":12},"end":{"line":166,"column":48},"skip":true},"47":{"start":{"line":169,"column":8},"end":{"line":178,"column":10},"skip":true},"48":{"start":{"line":176,"column":12},"end":{"line":176,"column":25},"skip":true},"49":{"start":{"line":177,"column":12},"end":{"line":177,"column":46},"skip":true},"50":{"start":{"line":180,"column":8},"end":{"line":189,"column":10},"skip":true},"51":{"start":{"line":187,"column":12},"end":{"line":187,"column":94},"skip":true},"52":{"start":{"line":188,"column":12},"end":{"line":188,"column":48},"skip":true},"53":{"start":{"line":192,"column":8},"end":{"line":192,"column":35},"skip":true},"54":{"start":{"line":193,"column":8},"end":{"line":193,"column":14},"skip":true}},"branchMap":{"1":{"line":25,"type":"binary-expr","locations":[{"start":{"line":25,"column":23},"end":{"line":25,"column":62}},{"start":{"line":26,"column":20},"end":{"line":26,"column":70}},{"start":{"line":27,"column":20},"end":{"line":27,"column":71}},{"start":{"line":28,"column":20},"end":{"line":28,"column":29}}]},"2":{"line":30,"type":"binary-expr","locations":[{"start":{"line":30,"column":23},"end":{"line":30,"column":37}},{"start":{"line":31,"column":20},"end":{"line":31,"column":61}},{"start":{"line":32,"column":20},"end":{"line":32,"column":70}},{"start":{"line":33,"column":20},"end":{"line":33,"column":26}}]},"3":{"line":37,"type":"cond-expr","locations":[{"start":{"line":38,"column":14},"end":{"line":38,"column":20}},{"start":{"line":39,"column":14},"end":{"line":39,"column":20}}]},"4":{"line":40,"type":"switch","locations":[{"start":{"line":42,"column":8},"end":{"line":47,"column":18}},{"start":{"line":49,"column":8},"end":{"line":52,"column":18}}]},"5":{"line":44,"type":"binary-expr","locations":[{"start":{"line":44,"column":16},"end":{"line":44,"column":44}},{"start":{"line":44,"column":48},"end":{"line":44,"column":66}}]},"6":{"line":50,"type":"binary-expr","locations":[{"start":{"line":50,"column":21},"end":{"line":50,"column":49}},{"start":{"line":50,"column":53},"end":{"line":50,"column":72}}]},"7":{"line":64,"type":"switch","locations":[{"start":{"line":69,"column":4},"end":{"line":70,"column":14}},{"start":{"line":75,"column":4},"end":{"line":76,"column":14}}]},"8":{"line":85,"type":"switch","locations":[{"start":{"line":90,"column":4},"end":{"line":105,"column":14}},{"start":{"line":111,"column":4},"end":{"line":193,"column":14},"skip":true}]},"9":{"line":91,"type":"binary-expr","locations":[{"start":{"line":91,"column":42},"end":{"line":91,"column":73}},{"start":{"line":91,"column":77},"end":{"line":99,"column":9}}]},"10":{"line":102,"type":"binary-expr","locations":[{"start":{"line":102,"column":18},"end":{"line":102,"column":32}},{"start":{"line":103,"column":12},"end":{"line":103,"column":53}},{"start":{"line":104,"column":12},"end":{"line":104,"column":61}}]},"11":{"line":112,"type":"binary-expr","locations":[{"start":{"line":112,"column":45},"end":{"line":112,"column":79},"skip":true},{"start":{"line":112,"column":83},"end":{"line":121,"column":9},"skip":true}]},"12":{"line":123,"type":"binary-expr","locations":[{"start":{"line":123,"column":42},"end":{"line":123,"column":73},"skip":true},{"start":{"line":123,"column":77},"end":{"line":136,"column":9},"skip":true}]},"13":{"line":138,"type":"binary-expr","locations":[{"start":{"line":138,"column":48},"end":{"line":138,"column":85},"skip":true},{"start":{"line":139,"column":12},"end":{"line":145,"column":13},"skip":true}]},"14":{"line":147,"type":"binary-expr","locations":[{"start":{"line":147,"column":42},"end":{"line":147,"column":73},"skip":true},{"start":{"line":147,"column":77},"end":{"line":156,"column":9},"skip":true}]},"15":{"line":158,"type":"binary-expr","locations":[{"start":{"line":158,"column":45},"end":{"line":158,"column":79},"skip":true},{"start":{"line":158,"column":83},"end":{"line":167,"column":9},"skip":true}]},"16":{"line":169,"type":"binary-expr","locations":[{"start":{"line":169,"column":43},"end":{"line":169,"column":75},"skip":true},{"start":{"line":169,"column":79},"end":{"line":178,"column":9},"skip":true}]},"17":{"line":180,"type":"binary-expr","locations":[{"start":{"line":180,"column":41},"end":{"line":180,"column":71},"skip":true},{"start":{"line":180,"column":75},"end":{"line":189,"column":9},"skip":true}]}},"code":["/* istanbul instrument in package npmtest_parcelify */","/*jslint","    bitwise: true,","    browser: true,","    maxerr: 8,","    maxlen: 96,","    node: true,","    nomen: true,","    regexp: true,","    stupid: true","*/","(function () {","    'use strict';","    var local;","","","","    // run shared js-env code - pre-init","    (function () {","        // init local","        local = {};","        // init modeJs","        local.modeJs = (function () {","            try {","                return typeof navigator.userAgent === 'string' &&","                    typeof document.querySelector('body') === 'object' &&","                    typeof XMLHttpRequest.prototype.open === 'function' &&","                    'browser';","            } catch (errorCaughtBrowser) {","                return module.exports &&","                    typeof process.versions.node === 'string' &&","                    typeof require('http').createServer === 'function' &&","                    'node';","            }","        }());","        // init global","        local.global = local.modeJs === 'browser'","            ? window","            : global;","        switch (local.modeJs) {","        // re-init local from window.local","        case 'browser':","            local = local.global.utility2.objectSetDefault(","                local.global.utility2_rollup || local.global.local,","                local.global.utility2","            );","            break;","        // re-init local from example.js","        case 'node':","            local = (local.global.utility2_rollup || require('utility2'))","                .requireExampleJsFromReadme();","            break;","        }","        // export local","        local.global.local = local;","    }());","","","","    // run shared js-env code - function","    (function () {","        return;","    }());","    switch (local.modeJs) {","","","","    // run browser js-env code - function","    case 'browser':","        break;","","","","    // run node js-env code - function","    case 'node':","        break;","    }","","","","    // run shared js-env code - post-init","    (function () {","        return;","    }());","    switch (local.modeJs) {","","","","    // run browser js-env code - post-init","    case 'browser':","        local.testCase_browser_nullCase = local.testCase_browser_nullCase || function (","            options,","            onError","        ) {","        /*","         * this function will test browsers's null-case handling-behavior-behavior","         */","            onError(null, options);","        };","","        // run tests","        local.nop(local.modeTest &&","            document.querySelector('#testRunButton1') &&","            document.querySelector('#testRunButton1').click());","        break;","","","","    // run node js-env code - post-init","    /* istanbul ignore next */","    case 'node':","        local.testCase_buildApidoc_default = local.testCase_buildApidoc_default || function (","            options,","            onError","        ) {","        /*","         * this function will test buildApidoc's default handling-behavior-behavior","         */","            options = { modulePathList: module.paths };","            local.buildApidoc(options, onError);","        };","","        local.testCase_buildApp_default = local.testCase_buildApp_default || function (","            options,","            onError","        ) {","        /*","         * this function will test buildApp's default handling-behavior-behavior","         */","            local.testCase_buildReadme_default(options, local.onErrorThrow);","            local.testCase_buildLib_default(options, local.onErrorThrow);","            local.testCase_buildTest_default(options, local.onErrorThrow);","            local.testCase_buildCustomOrg_default(options, local.onErrorThrow);","            options = [];","            local.buildApp(options, onError);","        };","","        local.testCase_buildCustomOrg_default = local.testCase_buildCustomOrg_default ||","            function (options, onError) {","            /*","             * this function will test buildCustomOrg's default handling-behavior","             */","                options = {};","                local.buildCustomOrg(options, onError);","            };","","        local.testCase_buildLib_default = local.testCase_buildLib_default || function (","            options,","            onError","        ) {","        /*","         * this function will test buildLib's default handling-behavior","         */","            options = {};","            local.buildLib(options, onError);","        };","","        local.testCase_buildReadme_default = local.testCase_buildReadme_default || function (","            options,","            onError","        ) {","        /*","         * this function will test buildReadme's default handling-behavior-behavior","         */","            options = {};","            local.buildReadme(options, onError);","        };","","        local.testCase_buildTest_default = local.testCase_buildTest_default || function (","            options,","            onError","        ) {","        /*","         * this function will test buildTest's default handling-behavior","         */","            options = {};","            local.buildTest(options, onError);","        };","","        local.testCase_webpage_default = local.testCase_webpage_default || function (","            options,","            onError","        ) {","        /*","         * this function will test webpage's default handling-behavior","         */","            options = { modeCoverageMerge: true, url: local.serverLocalHost + '?modeTest=1' };","            local.browserTest(options, onError);","        };","","        // run test-server","        local.testRunServer(local);","        break;","    }","}());",""],"l":{"12":2,"14":2,"19":2,"21":2,"23":2,"24":2,"25":2,"30":1,"37":2,"40":2,"43":1,"47":1,"50":1,"52":1,"55":2,"61":2,"62":2,"64":2,"70":1,"76":1,"82":2,"83":2,"85":2,"91":1,"98":1,"102":1,"105":1,"112":1,"119":1,"120":1,"123":1,"130":1,"131":1,"132":1,"133":1,"134":1,"135":1,"138":1,"143":2,"144":2,"147":1,"154":2,"155":2,"158":1,"165":2,"166":2,"169":1,"176":2,"177":2,"180":1,"187":1,"188":1,"192":1,"193":1}},"/home/travis/build/npmtest/node-npmtest-parcelify/lib.npmtest_parcelify.js":{"path":"/home/travis/build/npmtest/node-npmtest-parcelify/lib.npmtest_parcelify.js","s":{"1":2,"2":2,"3":2,"4":2,"5":2,"6":2,"7":2,"8":1,"9":2,"10":2,"11":2,"12":2,"13":1,"14":1,"15":1,"16":1},"b":{"1":[2,1,1,1],"2":[1,1,1,1],"3":[1,1],"4":[2,2],"5":[1,1]},"f":{"1":2,"2":2,"3":2},"fnMap":{"1":{"name":"(anonymous_1)","line":12,"loc":{"start":{"line":12,"column":1},"end":{"line":12,"column":13}}},"2":{"name":"(anonymous_2)","line":19,"loc":{"start":{"line":19,"column":5},"end":{"line":19,"column":17}}},"3":{"name":"(anonymous_3)","line":23,"loc":{"start":{"line":23,"column":24},"end":{"line":23,"column":36}}}},"statementMap":{"1":{"start":{"line":12,"column":0},"end":{"line":53,"column":5}},"2":{"start":{"line":14,"column":4},"end":{"line":14,"column":14}},"3":{"start":{"line":19,"column":4},"end":{"line":52,"column":9}},"4":{"start":{"line":21,"column":8},"end":{"line":21,"column":19}},"5":{"start":{"line":23,"column":8},"end":{"line":35,"column":13}},"6":{"start":{"line":24,"column":12},"end":{"line":34,"column":13}},"7":{"start":{"line":25,"column":16},"end":{"line":28,"column":30}},"8":{"start":{"line":30,"column":16},"end":{"line":33,"column":27}},"9":{"start":{"line":37,"column":8},"end":{"line":39,"column":21}},"10":{"start":{"line":41,"column":8},"end":{"line":41,"column":54}},"11":{"start":{"line":43,"column":8},"end":{"line":43,"column":54}},"12":{"start":{"line":45,"column":8},"end":{"line":51,"column":9}},"13":{"start":{"line":46,"column":12},"end":{"line":46,"column":60}},"14":{"start":{"line":48,"column":12},"end":{"line":48,"column":35}},"15":{"start":{"line":49,"column":12},"end":{"line":49,"column":49}},"16":{"start":{"line":50,"column":12},"end":{"line":50,"column":43}}},"branchMap":{"1":{"line":25,"type":"binary-expr","locations":[{"start":{"line":25,"column":23},"end":{"line":25,"column":62}},{"start":{"line":26,"column":20},"end":{"line":26,"column":70}},{"start":{"line":27,"column":20},"end":{"line":27,"column":71}},{"start":{"line":28,"column":20},"end":{"line":28,"column":29}}]},"2":{"line":30,"type":"binary-expr","locations":[{"start":{"line":30,"column":23},"end":{"line":30,"column":37}},{"start":{"line":31,"column":20},"end":{"line":31,"column":61}},{"start":{"line":32,"column":20},"end":{"line":32,"column":70}},{"start":{"line":33,"column":20},"end":{"line":33,"column":26}}]},"3":{"line":37,"type":"cond-expr","locations":[{"start":{"line":38,"column":14},"end":{"line":38,"column":20}},{"start":{"line":39,"column":14},"end":{"line":39,"column":20}}]},"4":{"line":41,"type":"binary-expr","locations":[{"start":{"line":41,"column":16},"end":{"line":41,"column":44}},{"start":{"line":41,"column":48},"end":{"line":41,"column":53}}]},"5":{"line":45,"type":"if","locations":[{"start":{"line":45,"column":8},"end":{"line":45,"column":8}},{"start":{"line":45,"column":8},"end":{"line":45,"column":8}}]}},"code":["/* istanbul instrument in package npmtest_parcelify */","/*jslint","    bitwise: true,","    browser: true,","    maxerr: 8,","    maxlen: 96,","    node: true,","    nomen: true,","    regexp: true,","    stupid: true","*/","(function () {","    'use strict';","    var local;","","","","    // run shared js-env code - pre-init","    (function () {","        // init local","        local = {};","        // init modeJs","        local.modeJs = (function () {","            try {","                return typeof navigator.userAgent === 'string' &&","                    typeof document.querySelector('body') === 'object' &&","                    typeof XMLHttpRequest.prototype.open === 'function' &&","                    'browser';","            } catch (errorCaughtBrowser) {","                return module.exports &&","                    typeof process.versions.node === 'string' &&","                    typeof require('http').createServer === 'function' &&","                    'node';","            }","        }());","        // init global","        local.global = local.modeJs === 'browser'","            ? window","            : global;","        // init utility2_rollup","        local = local.global.utility2_rollup || local;","        // init lib","        local.local = local.npmtest_parcelify = local;","        // init exports","        if (local.modeJs === 'browser') {","            local.global.utility2_npmtest_parcelify = local;","        } else {","            module.exports = local;","            module.exports.__dirname = __dirname;","            module.exports.module = module;","        }","    }());","}());",""],"l":{"12":2,"14":2,"19":2,"21":2,"23":2,"24":2,"25":2,"30":1,"37":2,"41":2,"43":2,"45":2,"46":1,"48":1,"49":1,"50":1}},"/home/travis/build/npmtest/node-npmtest-parcelify/example.js":{"path":"/home/travis/build/npmtest/node-npmtest-parcelify/example.js","s":{"1":2,"2":2,"3":2,"4":2,"5":2,"6":2,"7":2,"8":1,"9":2,"10":2,"11":2,"12":2,"13":1,"14":2,"15":2,"16":2,"17":2,"18":2,"19":0,"20":2,"21":1,"22":1,"23":1,"24":1,"25":1,"26":0,"27":0,"28":1,"29":1,"30":2,"31":0,"32":0,"33":0,"34":1,"35":2,"36":2,"37":3,"38":3,"39":3,"40":3,"41":0,"42":3,"43":3,"44":3,"45":1,"46":3,"47":1,"48":1,"49":1,"50":1,"51":1,"52":1,"53":1,"54":1,"55":1,"56":1,"57":0,"58":1,"59":6,"60":6,"61":1,"62":2,"63":0,"64":2,"65":1,"66":1,"67":0,"68":0,"69":0,"70":0,"71":0,"72":0,"73":0,"74":0,"75":0,"76":0,"77":0,"78":0,"79":0,"80":0,"81":0,"82":0,"83":0},"b":{"1":[2,1,1,1],"2":[1,1,1,1],"3":[1,1],"4":[2,2],"5":[1,1],"6":[1,1],"7":[2,0],"8":[2,1,1,1,1,1],"9":[0,2,0],"10":[1,1],"11":[2,1,1],"12":[1,0],"13":[0,2],"14":[2,0,0,0,0,0,0],"15":[0,3],"16":[3,0],"17":[1,1],"18":[0,1],"19":[1,2,0,2],"20":[1,0],"21":[1,1],"22":[0,0],"23":[0,0],"24":[0,0],"25":[0,0],"26":[0,0],"27":[0,0],"28":[0,0]},"f":{"1":2,"2":2,"3":2,"4":2,"5":2,"6":2,"7":3,"8":3,"9":3,"10":1,"11":6,"12":0},"fnMap":{"1":{"name":"(anonymous_1)","line":26,"loc":{"start":{"line":26,"column":1},"end":{"line":26,"column":13}}},"2":{"name":"(anonymous_2)","line":33,"loc":{"start":{"line":33,"column":5},"end":{"line":33,"column":17}}},"3":{"name":"(anonymous_3)","line":37,"loc":{"start":{"line":37,"column":24},"end":{"line":37,"column":36}}},"4":{"name":"(anonymous_4)","line":69,"loc":{"start":{"line":69,"column":31},"end":{"line":69,"column":48}},"skip":true},"5":{"name":"(anonymous_5)","line":78,"loc":{"start":{"line":78,"column":26},"end":{"line":78,"column":45}},"skip":true},"6":{"name":"(anonymous_6)","line":123,"loc":{"start":{"line":123,"column":33},"end":{"line":123,"column":48}},"skip":true},"7":{"name":"(anonymous_7)","line":125,"loc":{"start":{"line":125,"column":27},"end":{"line":125,"column":39}},"skip":true},"8":{"name":"(anonymous_8)","line":133,"loc":{"start":{"line":133,"column":59},"end":{"line":133,"column":74}},"skip":true},"9":{"name":"(anonymous_9)","line":143,"loc":{"start":{"line":143,"column":45},"end":{"line":143,"column":62}},"skip":true},"10":{"name":"(anonymous_10)","line":144,"loc":{"start":{"line":144,"column":73},"end":{"line":144,"column":92}},"skip":true},"11":{"name":"(anonymous_11)","line":272,"loc":{"start":{"line":272,"column":51},"end":{"line":272,"column":77}},"skip":true},"12":{"name":"(anonymous_12)","line":315,"loc":{"start":{"line":315,"column":32},"end":{"line":315,"column":61}},"skip":true}},"statementMap":{"1":{"start":{"line":26,"column":0},"end":{"line":326,"column":5}},"2":{"start":{"line":28,"column":4},"end":{"line":28,"column":14}},"3":{"start":{"line":33,"column":4},"end":{"line":60,"column":9}},"4":{"start":{"line":35,"column":8},"end":{"line":35,"column":19}},"5":{"start":{"line":37,"column":8},"end":{"line":49,"column":13}},"6":{"start":{"line":38,"column":12},"end":{"line":48,"column":13}},"7":{"start":{"line":39,"column":16},"end":{"line":42,"column":30}},"8":{"start":{"line":44,"column":16},"end":{"line":47,"column":27}},"9":{"start":{"line":51,"column":8},"end":{"line":53,"column":21}},"10":{"start":{"line":55,"column":8},"end":{"line":57,"column":45}},"11":{"start":{"line":59,"column":8},"end":{"line":59,"column":35}},"12":{"start":{"line":61,"column":4},"end":{"line":325,"column":5}},"13":{"start":{"line":69,"column":8},"end":{"line":121,"column":10},"skip":true},"14":{"start":{"line":70,"column":12},"end":{"line":88,"column":13},"skip":true},"15":{"start":{"line":76,"column":16},"end":{"line":87,"column":19},"skip":true},"16":{"start":{"line":79,"column":20},"end":{"line":86,"column":21},"skip":true},"17":{"start":{"line":82,"column":24},"end":{"line":82,"column":43},"skip":true},"18":{"start":{"line":83,"column":24},"end":{"line":83,"column":30},"skip":true},"19":{"start":{"line":85,"column":24},"end":{"line":85,"column":49},"skip":true},"20":{"start":{"line":89,"column":12},"end":{"line":107,"column":13},"skip":true},"21":{"start":{"line":92,"column":16},"end":{"line":102,"column":17},"skip":true},"22":{"start":{"line":93,"column":20},"end":{"line":93,"column":86},"skip":true},"23":{"start":{"line":94,"column":20},"end":{"line":95,"column":45},"skip":true},"24":{"start":{"line":96,"column":20},"end":{"line":96,"column":42},"skip":true},"25":{"start":{"line":97,"column":20},"end":{"line":97,"column":48},"skip":true},"26":{"start":{"line":100,"column":20},"end":{"line":100,"column":85},"skip":true},"27":{"start":{"line":101,"column":20},"end":{"line":101,"column":96},"skip":true},"28":{"start":{"line":103,"column":16},"end":{"line":103,"column":22},"skip":true},"29":{"start":{"line":106,"column":16},"end":{"line":106,"column":22},"skip":true},"30":{"start":{"line":108,"column":12},"end":{"line":120,"column":13},"skip":true},"31":{"start":{"line":114,"column":16},"end":{"line":119,"column":17},"skip":true},"32":{"start":{"line":116,"column":20},"end":{"line":116,"column":78},"skip":true},"33":{"start":{"line":118,"column":20},"end":{"line":118,"column":47},"skip":true},"34":{"start":{"line":123,"column":8},"end":{"line":141,"column":11},"skip":true},"35":{"start":{"line":124,"column":12},"end":{"line":124,"column":54},"skip":true},"36":{"start":{"line":125,"column":12},"end":{"line":140,"column":14},"skip":true},"37":{"start":{"line":126,"column":16},"end":{"line":126,"column":28},"skip":true},"38":{"start":{"line":127,"column":16},"end":{"line":127,"column":69},"skip":true},"39":{"start":{"line":128,"column":16},"end":{"line":128,"column":75},"skip":true},"40":{"start":{"line":129,"column":16},"end":{"line":131,"column":17},"skip":true},"41":{"start":{"line":130,"column":20},"end":{"line":130,"column":27},"skip":true},"42":{"start":{"line":133,"column":16},"end":{"line":137,"column":36},"skip":true},"43":{"start":{"line":134,"column":20},"end":{"line":136,"column":55},"skip":true},"44":{"start":{"line":139,"column":16},"end":{"line":139,"column":57},"skip":true},"45":{"start":{"line":143,"column":8},"end":{"line":147,"column":11},"skip":true},"46":{"start":{"line":144,"column":12},"end":{"line":146,"column":15},"skip":true},"47":{"start":{"line":145,"column":16},"end":{"line":145,"column":70},"skip":true},"48":{"start":{"line":149,"column":8},"end":{"line":149,"column":31},"skip":true},"49":{"start":{"line":150,"column":8},"end":{"line":150,"column":14},"skip":true},"50":{"start":{"line":158,"column":8},"end":{"line":158,"column":31},"skip":true},"51":{"start":{"line":160,"column":8},"end":{"line":160,"column":33},"skip":true},"52":{"start":{"line":161,"column":8},"end":{"line":161,"column":37},"skip":true},"53":{"start":{"line":162,"column":8},"end":{"line":162,"column":35},"skip":true},"54":{"start":{"line":164,"column":8},"end":{"line":164,"column":50},"skip":true},"55":{"start":{"line":166,"column":8},"end":{"line":256,"column":2},"skip":true},"56":{"start":{"line":258,"column":8},"end":{"line":286,"column":9},"skip":true},"57":{"start":{"line":259,"column":12},"end":{"line":269,"column":14},"skip":true},"58":{"start":{"line":271,"column":12},"end":{"line":285,"column":19},"skip":true},"59":{"start":{"line":274,"column":20},"end":{"line":274,"column":35},"skip":true},"60":{"start":{"line":275,"column":20},"end":{"line":284,"column":21},"skip":true},"61":{"start":{"line":277,"column":24},"end":{"line":277,"column":64},"skip":true},"62":{"start":{"line":279,"column":24},"end":{"line":279,"column":40},"skip":true},"63":{"start":{"line":281,"column":24},"end":{"line":281,"column":40},"skip":true},"64":{"start":{"line":283,"column":24},"end":{"line":283,"column":39},"skip":true},"65":{"start":{"line":288,"column":8},"end":{"line":290,"column":9},"skip":true},"66":{"start":{"line":289,"column":12},"end":{"line":289,"column":18},"skip":true},"67":{"start":{"line":291,"column":8},"end":{"line":293,"column":54},"skip":true},"68":{"start":{"line":296,"column":8},"end":{"line":301,"column":37},"skip":true},"69":{"start":{"line":303,"column":8},"end":{"line":303,"column":82},"skip":true},"70":{"start":{"line":306,"column":8},"end":{"line":308,"column":9},"skip":true},"71":{"start":{"line":307,"column":12},"end":{"line":307,"column":82},"skip":true},"72":{"start":{"line":310,"column":8},"end":{"line":312,"column":9},"skip":true},"73":{"start":{"line":311,"column":12},"end":{"line":311,"column":18},"skip":true},"74":{"start":{"line":313,"column":8},"end":{"line":313,"column":54},"skip":true},"75":{"start":{"line":314,"column":8},"end":{"line":314,"column":69},"skip":true},"76":{"start":{"line":315,"column":8},"end":{"line":323,"column":36},"skip":true},"77":{"start":{"line":316,"column":12},"end":{"line":316,"column":61},"skip":true},"78":{"start":{"line":317,"column":12},"end":{"line":320,"column":13},"skip":true},"79":{"start":{"line":318,"column":16},"end":{"line":318,"column":75},"skip":true},"80":{"start":{"line":319,"column":16},"end":{"line":319,"column":23},"skip":true},"81":{"start":{"line":321,"column":12},"end":{"line":321,"column":38},"skip":true},"82":{"start":{"line":322,"column":12},"end":{"line":322,"column":27},"skip":true},"83":{"start":{"line":324,"column":8},"end":{"line":324,"column":14},"skip":true}},"branchMap":{"1":{"line":39,"type":"binary-expr","locations":[{"start":{"line":39,"column":23},"end":{"line":39,"column":62}},{"start":{"line":40,"column":20},"end":{"line":40,"column":70}},{"start":{"line":41,"column":20},"end":{"line":41,"column":71}},{"start":{"line":42,"column":20},"end":{"line":42,"column":29}}]},"2":{"line":44,"type":"binary-expr","locations":[{"start":{"line":44,"column":23},"end":{"line":44,"column":37}},{"start":{"line":45,"column":20},"end":{"line":45,"column":61}},{"start":{"line":46,"column":20},"end":{"line":46,"column":70}},{"start":{"line":47,"column":20},"end":{"line":47,"column":26}}]},"3":{"line":51,"type":"cond-expr","locations":[{"start":{"line":52,"column":14},"end":{"line":52,"column":20}},{"start":{"line":53,"column":14},"end":{"line":53,"column":20}}]},"4":{"line":55,"type":"binary-expr","locations":[{"start":{"line":55,"column":16},"end":{"line":55,"column":44}},{"start":{"line":55,"column":49},"end":{"line":57,"column":43}}]},"5":{"line":55,"type":"cond-expr","locations":[{"start":{"line":56,"column":14},"end":{"line":56,"column":53}},{"start":{"line":57,"column":14},"end":{"line":57,"column":43}}]},"6":{"line":61,"type":"switch","locations":[{"start":{"line":68,"column":4},"end":{"line":150,"column":14},"skip":true},{"start":{"line":156,"column":4},"end":{"line":324,"column":14},"skip":true}]},"7":{"line":70,"type":"if","locations":[{"start":{"line":70,"column":12},"end":{"line":70,"column":12},"skip":true},{"start":{"line":70,"column":12},"end":{"line":70,"column":12},"skip":true}]},"8":{"line":70,"type":"binary-expr","locations":[{"start":{"line":70,"column":16},"end":{"line":70,"column":22},"skip":true},{"start":{"line":70,"column":27},"end":{"line":70,"column":32},"skip":true},{"start":{"line":71,"column":20},"end":{"line":71,"column":39},"skip":true},{"start":{"line":72,"column":20},"end":{"line":72,"column":49},"skip":true},{"start":{"line":73,"column":20},"end":{"line":73,"column":58},"skip":true},{"start":{"line":74,"column":20},"end":{"line":74,"column":69},"skip":true}]},"9":{"line":79,"type":"switch","locations":[{"start":{"line":80,"column":20},"end":{"line":80,"column":33},"skip":true},{"start":{"line":81,"column":20},"end":{"line":83,"column":30},"skip":true},{"start":{"line":84,"column":20},"end":{"line":85,"column":49},"skip":true}]},"10":{"line":89,"type":"switch","locations":[{"start":{"line":90,"column":12},"end":{"line":103,"column":22},"skip":true},{"start":{"line":105,"column":12},"end":{"line":106,"column":22},"skip":true}]},"11":{"line":89,"type":"binary-expr","locations":[{"start":{"line":89,"column":20},"end":{"line":89,"column":25},"skip":true},{"start":{"line":89,"column":29},"end":{"line":89,"column":48},"skip":true},{"start":{"line":89,"column":52},"end":{"line":89,"column":74},"skip":true}]},"12":{"line":92,"type":"if","locations":[{"start":{"line":92,"column":16},"end":{"line":92,"column":16},"skip":true},{"start":{"line":92,"column":16},"end":{"line":92,"column":16},"skip":true}]},"13":{"line":108,"type":"if","locations":[{"start":{"line":108,"column":12},"end":{"line":108,"column":12},"skip":true},{"start":{"line":108,"column":12},"end":{"line":108,"column":12},"skip":true}]},"14":{"line":108,"type":"binary-expr","locations":[{"start":{"line":108,"column":16},"end":{"line":108,"column":61},"skip":true},{"start":{"line":108,"column":66},"end":{"line":108,"column":72},"skip":true},{"start":{"line":108,"column":77},"end":{"line":108,"column":82},"skip":true},{"start":{"line":109,"column":20},"end":{"line":109,"column":39},"skip":true},{"start":{"line":110,"column":20},"end":{"line":110,"column":49},"skip":true},{"start":{"line":111,"column":20},"end":{"line":111,"column":58},"skip":true},{"start":{"line":112,"column":20},"end":{"line":112,"column":68},"skip":true}]},"15":{"line":129,"type":"if","locations":[{"start":{"line":129,"column":16},"end":{"line":129,"column":16},"skip":true},{"start":{"line":129,"column":16},"end":{"line":129,"column":16},"skip":true}]},"16":{"line":134,"type":"cond-expr","locations":[{"start":{"line":135,"column":26},"end":{"line":135,"column":29},"skip":true},{"start":{"line":136,"column":26},"end":{"line":136,"column":54},"skip":true}]},"17":{"line":164,"type":"binary-expr","locations":[{"start":{"line":164,"column":27},"end":{"line":164,"column":43},"skip":true},{"start":{"line":164,"column":47},"end":{"line":164,"column":49},"skip":true}]},"18":{"line":258,"type":"if","locations":[{"start":{"line":258,"column":8},"end":{"line":258,"column":8},"skip":true},{"start":{"line":258,"column":8},"end":{"line":258,"column":8},"skip":true}]},"19":{"line":275,"type":"switch","locations":[{"start":{"line":276,"column":20},"end":{"line":277,"column":64},"skip":true},{"start":{"line":278,"column":20},"end":{"line":279,"column":40},"skip":true},{"start":{"line":280,"column":20},"end":{"line":281,"column":40},"skip":true},{"start":{"line":282,"column":20},"end":{"line":283,"column":39},"skip":true}]},"20":{"line":288,"type":"if","locations":[{"start":{"line":288,"column":8},"end":{"line":288,"column":8},"skip":true},{"start":{"line":288,"column":8},"end":{"line":288,"column":8},"skip":true}]},"21":{"line":288,"type":"binary-expr","locations":[{"start":{"line":288,"column":12},"end":{"line":288,"column":40},"skip":true},{"start":{"line":288,"column":44},"end":{"line":288,"column":67},"skip":true}]},"22":{"line":292,"type":"binary-expr","locations":[{"start":{"line":292,"column":12},"end":{"line":292,"column":50},"skip":true},{"start":{"line":293,"column":12},"end":{"line":293,"column":53},"skip":true}]},"23":{"line":297,"type":"binary-expr","locations":[{"start":{"line":297,"column":12},"end":{"line":297,"column":67},"skip":true},{"start":{"line":298,"column":12},"end":{"line":301,"column":36},"skip":true}]},"24":{"line":303,"type":"binary-expr","locations":[{"start":{"line":303,"column":43},"end":{"line":303,"column":75},"skip":true},{"start":{"line":303,"column":79},"end":{"line":303,"column":81},"skip":true}]},"25":{"line":306,"type":"if","locations":[{"start":{"line":306,"column":8},"end":{"line":306,"column":8},"skip":true},{"start":{"line":306,"column":8},"end":{"line":306,"column":8},"skip":true}]},"26":{"line":310,"type":"if","locations":[{"start":{"line":310,"column":8},"end":{"line":310,"column":8},"skip":true},{"start":{"line":310,"column":8},"end":{"line":310,"column":8},"skip":true}]},"27":{"line":313,"type":"binary-expr","locations":[{"start":{"line":313,"column":27},"end":{"line":313,"column":43},"skip":true},{"start":{"line":313,"column":47},"end":{"line":313,"column":53},"skip":true}]},"28":{"line":317,"type":"if","locations":[{"start":{"line":317,"column":12},"end":{"line":317,"column":12},"skip":true},{"start":{"line":317,"column":12},"end":{"line":317,"column":12},"skip":true}]}},"code":["/*","example.js","","quickstart example","","instruction","    1. save this script as example.js","    2. run the shell command:","        $ npm install npmtest-parcelify && PORT=8081 node example.js","    3. play with the browser-demo on http://127.0.0.1:8081","*/","","","","/* istanbul instrument in package npmtest_parcelify */","/*jslint","    bitwise: true,","    browser: true,","    maxerr: 8,","    maxlen: 96,","    node: true,","    nomen: true,","    regexp: true,","    stupid: true","*/","(function () {","    'use strict';","    var local;","","","","    // run shared js-env code - pre-init","    (function () {","        // init local","        local = {};","        // init modeJs","        local.modeJs = (function () {","            try {","                return typeof navigator.userAgent === 'string' &&","                    typeof document.querySelector('body') === 'object' &&","                    typeof XMLHttpRequest.prototype.open === 'function' &&","                    'browser';","            } catch (errorCaughtBrowser) {","                return module.exports &&","                    typeof process.versions.node === 'string' &&","                    typeof require('http').createServer === 'function' &&","                    'node';","            }","        }());","        // init global","        local.global = local.modeJs === 'browser'","            ? window","            : global;","        // init utility2_rollup","        local = local.global.utility2_rollup || (local.modeJs === 'browser'","            ? local.global.utility2_npmtest_parcelify","            : global.utility2_moduleExports);","        // export local","        local.global.local = local;","    }());","    switch (local.modeJs) {","","","","    // post-init","    // run browser js-env code - post-init","    /* istanbul ignore next */","    case 'browser':","        local.testRunBrowser = function (event) {","            if (!event || (event &&","                    event.currentTarget &&","                    event.currentTarget.className &&","                    event.currentTarget.className.includes &&","                    event.currentTarget.className.includes('onreset'))) {","                // reset output","                Array.from(","                    document.querySelectorAll('body > .resettable')","                ).forEach(function (element) {","                    switch (element.tagName) {","                    case 'INPUT':","                    case 'TEXTAREA':","                        element.value = '';","                        break;","                    default:","                        element.textContent = '';","                    }","                });","            }","            switch (event && event.currentTarget && event.currentTarget.id) {","            case 'testRunButton1':","                // show tests","                if (document.querySelector('#testReportDiv1').style.display === 'none') {","                    document.querySelector('#testReportDiv1').style.display = 'block';","                    document.querySelector('#testRunButton1').textContent =","                        'hide internal test';","                    local.modeTest = true;","                    local.testRunDefault(local);","                // hide tests","                } else {","                    document.querySelector('#testReportDiv1').style.display = 'none';","                    document.querySelector('#testRunButton1').textContent = 'run internal test';","                }","                break;","            // custom-case","            default:","                break;","            }","            if (document.querySelector('#inputTextareaEval1') && (!event || (event &&","                    event.currentTarget &&","                    event.currentTarget.className &&","                    event.currentTarget.className.includes &&","                    event.currentTarget.className.includes('oneval')))) {","                // try to eval input-code","                try {","                    /*jslint evil: true*/","                    eval(document.querySelector('#inputTextareaEval1').value);","                } catch (errorCaught) {","                    console.error(errorCaught);","                }","            }","        };","        // log stderr and stdout to #outputTextareaStdout1","        ['error', 'log'].forEach(function (key) {","            console[key + '_original'] = console[key];","            console[key] = function () {","                var element;","                console[key + '_original'].apply(console, arguments);","                element = document.querySelector('#outputTextareaStdout1');","                if (!element) {","                    return;","                }","                // append text to #outputTextareaStdout1","                element.value += Array.from(arguments).map(function (arg) {","                    return typeof arg === 'string'","                        ? arg","                        : JSON.stringify(arg, null, 4);","                }).join(' ') + '\\n';","                // scroll textarea to bottom","                element.scrollTop = element.scrollHeight;","            };","        });","        // init event-handling","        ['change', 'click', 'keyup'].forEach(function (event) {","            Array.from(document.querySelectorAll('.on' + event)).forEach(function (element) {","                element.addEventListener(event, local.testRunBrowser);","            });","        });","        // run tests","        local.testRunBrowser();","        break;","","","","    // run node js-env code - post-init","    /* istanbul ignore next */","    case 'node':","        // export local","        module.exports = local;","        // require modules","        local.fs = require('fs');","        local.http = require('http');","        local.url = require('url');","        // init assets","        local.assetsDict = local.assetsDict || {};","        /* jslint-ignore-begin */","        local.assetsDict['/assets.index.template.html'] = '\\","<!doctype html>\\n\\","<html lang=\"en\">\\n\\","<head>\\n\\","<meta charset=\"UTF-8\">\\n\\","<meta name=\"viewport\" content=\"width=device-width, initial-scale=1\">\\n\\","<title>{{env.npm_package_name}} (v{{env.npm_package_version}})</title>\\n\\","<style>\\n\\","/*csslint\\n\\","    box-sizing: false,\\n\\","    universal-selector: false\\n\\","*/\\n\\","* {\\n\\","    box-sizing: border-box;\\n\\","}\\n\\","body {\\n\\","    background: #dde;\\n\\","    font-family: Arial, Helvetica, sans-serif;\\n\\","    margin: 2rem;\\n\\","}\\n\\","body > * {\\n\\","    margin-bottom: 1rem;\\n\\","}\\n\\",".utility2FooterDiv {\\n\\","    margin-top: 20px;\\n\\","    text-align: center;\\n\\","}\\n\\","</style>\\n\\","<style>\\n\\","/*csslint\\n\\","*/\\n\\","textarea {\\n\\","    font-family: monospace;\\n\\","    height: 10rem;\\n\\","    width: 100%;\\n\\","}\\n\\","textarea[readonly] {\\n\\","    background: #ddd;\\n\\","}\\n\\","</style>\\n\\","</head>\\n\\","<body>\\n\\","<!-- utility2-comment\\n\\","<div id=\"ajaxProgressDiv1\" style=\"background: #d00; height: 2px; left: 0; margin: 0; padding: 0; position: fixed; top: 0; transition: background 0.5s, width 1.5s; width: 25%;\"></div>\\n\\","utility2-comment -->\\n\\","<h1>\\n\\","<!-- utility2-comment\\n\\","    <a\\n\\","        {{#if env.npm_package_homepage}}\\n\\","        href=\"{{env.npm_package_homepage}}\"\\n\\","        {{/if env.npm_package_homepage}}\\n\\","        target=\"_blank\"\\n\\","    >\\n\\","utility2-comment -->\\n\\","        {{env.npm_package_name}} (v{{env.npm_package_version}})\\n\\","<!-- utility2-comment\\n\\","    </a>\\n\\","utility2-comment -->\\n\\","</h1>\\n\\","<h3>{{env.npm_package_description}}</h3>\\n\\","<!-- utility2-comment\\n\\","<h4><a download href=\"assets.app.js\">download standalone app</a></h4>\\n\\","<button class=\"onclick onreset\" id=\"testRunButton1\">run internal test</button><br>\\n\\","<div id=\"testReportDiv1\" style=\"display: none;\"></div>\\n\\","utility2-comment -->\\n\\","\\n\\","\\n\\","\\n\\","<label>stderr and stdout</label>\\n\\","<textarea class=\"resettable\" id=\"outputTextareaStdout1\" readonly></textarea>\\n\\","<!-- utility2-comment\\n\\","{{#if isRollup}}\\n\\","<script src=\"assets.app.js\"></script>\\n\\","{{#unless isRollup}}\\n\\","utility2-comment -->\\n\\","<script src=\"assets.utility2.rollup.js\"></script>\\n\\","<script src=\"jsonp.utility2._stateInit?callback=window.utility2._stateInit\"></script>\\n\\","<script src=\"assets.npmtest_parcelify.rollup.js\"></script>\\n\\","<script src=\"assets.example.js\"></script>\\n\\","<script src=\"assets.test.js\"></script>\\n\\","<!-- utility2-comment\\n\\","{{/if isRollup}}\\n\\","utility2-comment -->\\n\\","<div class=\"utility2FooterDiv\">\\n\\","    [ this app was created with\\n\\","    <a href=\"https://github.com/kaizhu256/node-utility2\" target=\"_blank\">utility2</a>\\n\\","    ]\\n\\","</div>\\n\\","</body>\\n\\","</html>\\n\\","';","        /* jslint-ignore-end */","        if (local.templateRender) {","            local.assetsDict['/'] = local.templateRender(","                local.assetsDict['/assets.index.template.html'],","                {","                    env: local.objectSetDefault(local.env, {","                        npm_package_description: 'the greatest app in the world!',","                        npm_package_name: 'my-app',","                        npm_package_nameAlias: 'my_app',","                        npm_package_version: '0.0.1'","                    })","                }","            );","        } else {","            local.assetsDict['/'] = local.assetsDict['/assets.index.template.html']","                .replace((/\\{\\{env\\.(\\w+?)\\}\\}/g), function (match0, match1) {","                    // jslint-hack","                    String(match0);","                    switch (match1) {","                    case 'npm_package_description':","                        return 'the greatest app in the world!';","                    case 'npm_package_name':","                        return 'my-app';","                    case 'npm_package_nameAlias':","                        return 'my_app';","                    case 'npm_package_version':","                        return '0.0.1';","                    }","                });","        }","        // run the cli","        if (local.global.utility2_rollup || module !== require.main) {","            break;","        }","        local.assetsDict['/assets.example.js'] =","            local.assetsDict['/assets.example.js'] ||","            local.fs.readFileSync(__filename, 'utf8');","        // bug-workaround - long $npm_package_buildCustomOrg","        /* jslint-ignore-begin */","        local.assetsDict['/assets.npmtest_parcelify.rollup.js'] =","            local.assetsDict['/assets.npmtest_parcelify.rollup.js'] ||","            local.fs.readFileSync(","                local.npmtest_parcelify.__dirname + '/lib.npmtest_parcelify.js',","                'utf8'","            ).replace((/^#!/), '//');","        /* jslint-ignore-end */","        local.assetsDict['/favicon.ico'] = local.assetsDict['/favicon.ico'] || '';","        // if $npm_config_timeout_exit exists,","        // then exit this process after $npm_config_timeout_exit ms","        if (Number(process.env.npm_config_timeout_exit)) {","            setTimeout(process.exit, Number(process.env.npm_config_timeout_exit));","        }","        // start server","        if (local.global.utility2_serverHttp1) {","            break;","        }","        process.env.PORT = process.env.PORT || '8081';","        console.error('server starting on port ' + process.env.PORT);","        local.http.createServer(function (request, response) {","            request.urlParsed = local.url.parse(request.url);","            if (local.assetsDict[request.urlParsed.pathname] !== undefined) {","                response.end(local.assetsDict[request.urlParsed.pathname]);","                return;","            }","            response.statusCode = 404;","            response.end();","        }).listen(process.env.PORT);","        break;","    }","}());",""],"l":{"26":2,"28":2,"33":2,"35":2,"37":2,"38":2,"39":2,"44":1,"51":2,"55":2,"59":2,"61":2,"69":1,"70":2,"76":2,"79":2,"82":2,"83":2,"85":1,"89":2,"92":1,"93":1,"94":1,"96":1,"97":1,"100":1,"101":1,"103":1,"106":1,"108":2,"114":1,"116":1,"118":1,"123":1,"124":2,"125":2,"126":3,"127":3,"128":3,"129":3,"130":1,"133":3,"134":3,"139":3,"143":1,"144":3,"145":1,"149":1,"150":1,"158":1,"160":1,"161":1,"162":1,"164":1,"166":1,"258":1,"259":1,"271":1,"274":6,"275":6,"277":1,"279":2,"281":1,"283":2,"288":1,"289":1,"291":1,"296":1,"303":1,"306":1,"307":1,"310":1,"311":1,"313":1,"314":1,"315":1,"316":1,"317":1,"318":1,"319":1,"321":1,"322":1,"324":1}},"/home/travis/build/npmtest/node-npmtest-parcelify/node_modules/parcelify/index.js":{"path":"/home/travis/build/npmtest/node-npmtest-parcelify/node_modules/parcelify/index.js","s":{"1":1,"2":1,"3":1,"4":1,"5":1,"6":1,"7":1,"8":1,"9":1,"10":1,"11":1,"12":1,"13":1,"14":1,"15":1,"16":1,"17":1,"18":0,"19":0,"20":0,"21":0,"22":0,"23":0,"24":0,"25":0,"26":0,"27":0,"28":0,"29":0,"30":0,"31":0,"32":0,"33":0,"34":0,"35":0,"36":0,"37":0,"38":0,"39":0,"40":0,"41":0,"42":0,"43":0,"44":0,"45":0,"46":0,"47":0,"48":0,"49":0,"50":0,"51":0,"52":0,"53":0,"54":0,"55":0,"56":0,"57":0,"58":1,"59":0,"60":0,"61":0,"62":0,"63":0,"64":0,"65":0,"66":0,"67":0,"68":0,"69":0,"70":0,"71":0,"72":0,"73":0,"74":0,"75":0,"76":0,"77":0,"78":0,"79":0,"80":0,"81":0,"82":0,"83":0,"84":0,"85":0,"86":0,"87":0,"88":0,"89":0,"90":0,"91":0,"92":0,"93":0,"94":0,"95":0,"96":0,"97":0,"98":0,"99":0,"100":0,"101":0,"102":0,"103":0,"104":0,"105":0,"106":0,"107":0,"108":0,"109":0,"110":0,"111":0,"112":0,"113":0,"114":0,"115":0,"116":0,"117":0,"118":0,"119":0,"120":0,"121":0,"122":1,"123":0,"124":0,"125":0,"126":0,"127":0,"128":0,"129":0,"130":0,"131":0,"132":0,"133":0,"134":0,"135":0,"136":0,"137":0,"138":0,"139":0,"140":0,"141":0,"142":0,"143":0,"144":0,"145":0,"146":0,"147":0,"148":0,"149":0,"150":0,"151":0,"152":0,"153":0,"154":0,"155":0,"156":0,"157":0,"158":0,"159":0,"160":0,"161":0,"162":0,"163":0,"164":0,"165":0,"166":0,"167":0,"168":1,"169":0,"170":0,"171":0,"172":0,"173":0,"174":0,"175":0,"176":0},"b":{"1":[0,0],"2":[0,0],"3":[0,0],"4":[0,0],"5":[0,0],"6":[0,0],"7":[0,0],"8":[0,0],"9":[0,0],"10":[0,0],"11":[0,0],"12":[0,0],"13":[0,0],"14":[0,0],"15":[0,0],"16":[0,0],"17":[0,0],"18":[0,0],"19":[0,0],"20":[0,0],"21":[0,0],"22":[0,0],"23":[0,0],"24":[0,0],"25":[0,0],"26":[0,0],"27":[0,0],"28":[0,0],"29":[0,0],"30":[0,0],"31":[0,0],"32":[0,0],"33":[0,0],"34":[0,0],"35":[0,0],"36":[0,0],"37":[0,0],"38":[0,0]},"f":{"1":0,"2":0,"3":0,"4":0,"5":0,"6":0,"7":0,"8":0,"9":0,"10":0,"11":0,"12":0,"13":0,"14":0,"15":0,"16":0,"17":0,"18":0,"19":0,"20":0,"21":0,"22":0,"23":0,"24":0,"25":0,"26":0,"27":0,"28":0,"29":0,"30":0,"31":0,"32":0,"33":0,"34":0,"35":0,"36":0,"37":0,"38":0,"39":0,"40":0},"fnMap":{"1":{"name":"Parcelify","line":21,"loc":{"start":{"line":21,"column":0},"end":{"line":21,"column":50}}},"2":{"name":"(anonymous_2)","line":54,"loc":{"start":{"line":54,"column":19},"end":{"line":54,"column":30}}},"3":{"name":"(anonymous_3)","line":58,"loc":{"start":{"line":58,"column":21},"end":{"line":58,"column":37}}},"4":{"name":"(anonymous_4)","line":63,"loc":{"start":{"line":63,"column":48},"end":{"line":63,"column":73}}},"5":{"name":"(anonymous_5)","line":70,"loc":{"start":{"line":70,"column":68},"end":{"line":70,"column":84}}},"6":{"name":"(anonymous_6)","line":80,"loc":{"start":{"line":80,"column":66},"end":{"line":80,"column":82}}},"7":{"name":"(anonymous_7)","line":88,"loc":{"start":{"line":88,"column":37},"end":{"line":88,"column":87}}},"8":{"name":"(anonymous_8)","line":95,"loc":{"start":{"line":95,"column":54},"end":{"line":95,"column":107}}},"9":{"name":"(anonymous_9)","line":100,"loc":{"start":{"line":100,"column":44},"end":{"line":100,"column":89}}},"10":{"name":"(anonymous_10)","line":105,"loc":{"start":{"line":105,"column":48},"end":{"line":105,"column":93}}},"11":{"name":"(anonymous_11)","line":106,"loc":{"start":{"line":106,"column":62},"end":{"line":106,"column":89}}},"12":{"name":"(anonymous_12)","line":117,"loc":{"start":{"line":117,"column":31},"end":{"line":117,"column":47}}},"13":{"name":"(anonymous_13)","line":121,"loc":{"start":{"line":121,"column":30},"end":{"line":121,"column":58}}},"14":{"name":"(anonymous_14)","line":122,"loc":{"start":{"line":122,"column":141},"end":{"line":122,"column":182}}},"15":{"name":"(anonymous_15)","line":127,"loc":{"start":{"line":127,"column":21},"end":{"line":127,"column":32}}},"16":{"name":"(anonymous_16)","line":128,"loc":{"start":{"line":128,"column":20},"end":{"line":128,"column":43}}},"17":{"name":"(anonymous_17)","line":130,"loc":{"start":{"line":130,"column":38},"end":{"line":130,"column":62}}},"18":{"name":"(anonymous_18)","line":141,"loc":{"start":{"line":141,"column":31},"end":{"line":141,"column":47}}},"19":{"name":"(anonymous_19)","line":149,"loc":{"start":{"line":149,"column":7},"end":{"line":149,"column":30}}},"20":{"name":"(anonymous_20)","line":160,"loc":{"start":{"line":160,"column":54},"end":{"line":160,"column":87}}},"21":{"name":"(anonymous_21)","line":165,"loc":{"start":{"line":165,"column":52},"end":{"line":165,"column":88}}},"22":{"name":"(anonymous_22)","line":169,"loc":{"start":{"line":169,"column":62},"end":{"line":169,"column":96}}},"23":{"name":"(anonymous_23)","line":181,"loc":{"start":{"line":181,"column":7},"end":{"line":181,"column":30}}},"24":{"name":"(anonymous_24)","line":185,"loc":{"start":{"line":185,"column":39},"end":{"line":185,"column":63}}},"25":{"name":"(anonymous_25)","line":204,"loc":{"start":{"line":204,"column":58},"end":{"line":204,"column":160}}},"26":{"name":"(anonymous_26)","line":209,"loc":{"start":{"line":209,"column":17},"end":{"line":209,"column":40}}},"27":{"name":"(anonymous_27)","line":210,"loc":{"start":{"line":210,"column":55},"end":{"line":210,"column":96}}},"28":{"name":"(anonymous_28)","line":214,"loc":{"start":{"line":214,"column":22},"end":{"line":214,"column":48}}},"29":{"name":"(anonymous_29)","line":216,"loc":{"start":{"line":216,"column":6},"end":{"line":216,"column":48}}},"30":{"name":"(anonymous_30)","line":245,"loc":{"start":{"line":245,"column":34},"end":{"line":245,"column":66}}},"31":{"name":"(anonymous_31)","line":258,"loc":{"start":{"line":258,"column":4},"end":{"line":258,"column":27}}},"32":{"name":"(anonymous_32)","line":262,"loc":{"start":{"line":262,"column":40},"end":{"line":262,"column":81}}},"33":{"name":"(anonymous_33)","line":267,"loc":{"start":{"line":267,"column":55},"end":{"line":267,"column":84}}},"34":{"name":"(anonymous_34)","line":272,"loc":{"start":{"line":272,"column":35},"end":{"line":272,"column":58}}},"35":{"name":"(anonymous_35)","line":277,"loc":{"start":{"line":277,"column":43},"end":{"line":277,"column":76}}},"36":{"name":"(anonymous_36)","line":284,"loc":{"start":{"line":284,"column":6},"end":{"line":284,"column":22}}},"37":{"name":"(anonymous_37)","line":289,"loc":{"start":{"line":289,"column":46},"end":{"line":289,"column":65}}},"38":{"name":"(anonymous_38)","line":293,"loc":{"start":{"line":293,"column":24},"end":{"line":293,"column":46}}},"39":{"name":"(anonymous_39)","line":294,"loc":{"start":{"line":294,"column":24},"end":{"line":294,"column":35}}},"40":{"name":"(anonymous_40)","line":300,"loc":{"start":{"line":300,"column":29},"end":{"line":300,"column":63}}}},"statementMap":{"1":{"start":{"line":1,"column":0},"end":{"line":1,"column":27}},"2":{"start":{"line":2,"column":0},"end":{"line":2,"column":40}},"3":{"start":{"line":3,"column":0},"end":{"line":3,"column":33}},"4":{"start":{"line":4,"column":0},"end":{"line":4,"column":37}},"5":{"start":{"line":5,"column":0},"end":{"line":5,"column":29}},"6":{"start":{"line":6,"column":0},"end":{"line":6,"column":32}},"7":{"start":{"line":7,"column":0},"end":{"line":7,"column":31}},"8":{"start":{"line":8,"column":0},"end":{"line":8,"column":29}},"9":{"start":{"line":9,"column":0},"end":{"line":9,"column":41}},"10":{"start":{"line":10,"column":0},"end":{"line":10,"column":39}},"11":{"start":{"line":11,"column":0},"end":{"line":11,"column":37}},"12":{"start":{"line":12,"column":0},"end":{"line":12,"column":30}},"13":{"start":{"line":14,"column":0},"end":{"line":14,"column":50}},"14":{"start":{"line":15,"column":0},"end":{"line":15,"column":42}},"15":{"start":{"line":17,"column":0},"end":{"line":17,"column":27}},"16":{"start":{"line":19,"column":0},"end":{"line":19,"column":36}},"17":{"start":{"line":21,"column":0},"end":{"line":86,"column":1}},"18":{"start":{"line":22,"column":1},"end":{"line":22,"column":18}},"19":{"start":{"line":24,"column":1},"end":{"line":24,"column":91}},"20":{"start":{"line":24,"column":39},"end":{"line":24,"column":91}},"21":{"start":{"line":26,"column":1},"end":{"line":38,"column":5}},"22":{"start":{"line":41,"column":1},"end":{"line":41,"column":96}},"23":{"start":{"line":41,"column":46},"end":{"line":41,"column":96}},"24":{"start":{"line":42,"column":1},"end":{"line":42,"column":86}},"25":{"start":{"line":42,"column":46},"end":{"line":42,"column":86}},"26":{"start":{"line":43,"column":1},"end":{"line":43,"column":92}},"27":{"start":{"line":43,"column":49},"end":{"line":43,"column":92}},"28":{"start":{"line":44,"column":1},"end":{"line":44,"column":73}},"29":{"start":{"line":44,"column":38},"end":{"line":44,"column":73}},"30":{"start":{"line":45,"column":1},"end":{"line":45,"column":70}},"31":{"start":{"line":45,"column":41},"end":{"line":45,"column":70}},"32":{"start":{"line":47,"column":1},"end":{"line":47,"column":93}},"33":{"start":{"line":47,"column":43},"end":{"line":47,"column":93}},"34":{"start":{"line":49,"column":1},"end":{"line":49,"column":23}},"35":{"start":{"line":51,"column":1},"end":{"line":51,"column":53}},"36":{"start":{"line":51,"column":24},"end":{"line":51,"column":53}},"37":{"start":{"line":54,"column":1},"end":{"line":83,"column":5}},"38":{"start":{"line":55,"column":2},"end":{"line":55,"column":56}},"39":{"start":{"line":56,"column":2},"end":{"line":56,"column":24}},"40":{"start":{"line":58,"column":2},"end":{"line":60,"column":6}},"41":{"start":{"line":59,"column":3},"end":{"line":59,"column":24}},"42":{"start":{"line":62,"column":2},"end":{"line":74,"column":3}},"43":{"start":{"line":63,"column":3},"end":{"line":73,"column":21}},"44":{"start":{"line":64,"column":4},"end":{"line":64,"column":26}},"45":{"start":{"line":66,"column":4},"end":{"line":66,"column":50}},"46":{"start":{"line":67,"column":4},"end":{"line":67,"column":61}},"47":{"start":{"line":68,"column":4},"end":{"line":68,"column":53}},"48":{"start":{"line":70,"column":4},"end":{"line":72,"column":8}},"49":{"start":{"line":71,"column":5},"end":{"line":71,"column":42}},"50":{"start":{"line":71,"column":15},"end":{"line":71,"column":42}},"51":{"start":{"line":76,"column":2},"end":{"line":76,"column":48}},"52":{"start":{"line":77,"column":2},"end":{"line":77,"column":59}},"53":{"start":{"line":78,"column":2},"end":{"line":78,"column":51}},"54":{"start":{"line":80,"column":2},"end":{"line":82,"column":6}},"55":{"start":{"line":81,"column":3},"end":{"line":81,"column":40}},"56":{"start":{"line":81,"column":13},"end":{"line":81,"column":40}},"57":{"start":{"line":85,"column":1},"end":{"line":85,"column":14}},"58":{"start":{"line":88,"column":0},"end":{"line":202,"column":2}},"59":{"start":{"line":89,"column":1},"end":{"line":89,"column":18}},"60":{"start":{"line":91,"column":1},"end":{"line":91,"column":55}},"61":{"start":{"line":92,"column":1},"end":{"line":92,"column":16}},"62":{"start":{"line":94,"column":1},"end":{"line":98,"column":47}},"63":{"start":{"line":95,"column":2},"end":{"line":97,"column":9}},"64":{"start":{"line":96,"column":3},"end":{"line":96,"column":72}},"65":{"start":{"line":98,"column":8},"end":{"line":98,"column":47}},"66":{"start":{"line":100,"column":1},"end":{"line":103,"column":9}},"67":{"start":{"line":101,"column":2},"end":{"line":101,"column":49}},"68":{"start":{"line":102,"column":2},"end":{"line":102,"column":14}},"69":{"start":{"line":105,"column":1},"end":{"line":108,"column":9}},"70":{"start":{"line":106,"column":2},"end":{"line":106,"column":123}},"71":{"start":{"line":106,"column":91},"end":{"line":106,"column":118}},"72":{"start":{"line":107,"column":2},"end":{"line":107,"column":14}},"73":{"start":{"line":110,"column":1},"end":{"line":115,"column":5}},"74":{"start":{"line":117,"column":1},"end":{"line":119,"column":5}},"75":{"start":{"line":118,"column":2},"end":{"line":118,"column":25}},"76":{"start":{"line":121,"column":1},"end":{"line":201,"column":5}},"77":{"start":{"line":122,"column":2},"end":{"line":200,"column":6}},"78":{"start":{"line":123,"column":3},"end":{"line":123,"column":36}},"79":{"start":{"line":123,"column":13},"end":{"line":123,"column":36}},"80":{"start":{"line":125,"column":3},"end":{"line":125,"column":35}},"81":{"start":{"line":127,"column":3},"end":{"line":197,"column":7}},"82":{"start":{"line":128,"column":4},"end":{"line":196,"column":20}},"83":{"start":{"line":130,"column":5},"end":{"line":146,"column":9}},"84":{"start":{"line":131,"column":6},"end":{"line":131,"column":42}},"85":{"start":{"line":133,"column":6},"end":{"line":133,"column":130}},"86":{"start":{"line":135,"column":6},"end":{"line":135,"column":55}},"87":{"start":{"line":136,"column":6},"end":{"line":139,"column":7}},"88":{"start":{"line":137,"column":7},"end":{"line":137,"column":52}},"89":{"start":{"line":138,"column":7},"end":{"line":138,"column":50}},"90":{"start":{"line":141,"column":6},"end":{"line":143,"column":10}},"91":{"start":{"line":142,"column":7},"end":{"line":142,"column":34}},"92":{"start":{"line":145,"column":6},"end":{"line":145,"column":50}},"93":{"start":{"line":148,"column":5},"end":{"line":148,"column":18}},"94":{"start":{"line":150,"column":5},"end":{"line":152,"column":6}},"95":{"start":{"line":151,"column":6},"end":{"line":151,"column":123}},"96":{"start":{"line":154,"column":5},"end":{"line":157,"column":6}},"97":{"start":{"line":155,"column":6},"end":{"line":155,"column":39}},"98":{"start":{"line":156,"column":6},"end":{"line":156,"column":98}},"99":{"start":{"line":160,"column":5},"end":{"line":180,"column":21}},"100":{"start":{"line":161,"column":6},"end":{"line":161,"column":52}},"101":{"start":{"line":161,"column":34},"end":{"line":161,"column":52}},"102":{"start":{"line":163,"column":6},"end":{"line":163,"column":81}},"103":{"start":{"line":165,"column":6},"end":{"line":179,"column":20}},"104":{"start":{"line":166,"column":7},"end":{"line":166,"column":63}},"105":{"start":{"line":167,"column":7},"end":{"line":167,"column":48}},"106":{"start":{"line":167,"column":30},"end":{"line":167,"column":48}},"107":{"start":{"line":169,"column":7},"end":{"line":178,"column":11}},"108":{"start":{"line":174,"column":8},"end":{"line":175,"column":125}},"109":{"start":{"line":174,"column":18},"end":{"line":174,"column":45}},"110":{"start":{"line":175,"column":13},"end":{"line":175,"column":125}},"111":{"start":{"line":175,"column":36},"end":{"line":175,"column":125}},"112":{"start":{"line":177,"column":8},"end":{"line":177,"column":19}},"113":{"start":{"line":182,"column":5},"end":{"line":191,"column":6}},"114":{"start":{"line":185,"column":6},"end":{"line":190,"column":10}},"115":{"start":{"line":186,"column":7},"end":{"line":186,"column":140}},"116":{"start":{"line":187,"column":7},"end":{"line":189,"column":8}},"117":{"start":{"line":188,"column":8},"end":{"line":188,"column":96}},"118":{"start":{"line":193,"column":5},"end":{"line":193,"column":49}},"119":{"start":{"line":193,"column":28},"end":{"line":193,"column":49}},"120":{"start":{"line":195,"column":5},"end":{"line":195,"column":18}},"121":{"start":{"line":199,"column":3},"end":{"line":199,"column":27}},"122":{"start":{"line":204,"column":0},"end":{"line":287,"column":2}},"123":{"start":{"line":205,"column":1},"end":{"line":205,"column":18}},"124":{"start":{"line":206,"column":1},"end":{"line":206,"column":25}},"125":{"start":{"line":207,"column":1},"end":{"line":207,"column":34}},"126":{"start":{"line":209,"column":1},"end":{"line":286,"column":5}},"127":{"start":{"line":210,"column":2},"end":{"line":257,"column":18}},"128":{"start":{"line":211,"column":3},"end":{"line":211,"column":63}},"129":{"start":{"line":212,"column":3},"end":{"line":212,"column":27}},"130":{"start":{"line":214,"column":3},"end":{"line":256,"column":24}},"131":{"start":{"line":215,"column":4},"end":{"line":215,"column":148}},"132":{"start":{"line":217,"column":4},"end":{"line":217,"column":20}},"133":{"start":{"line":219,"column":4},"end":{"line":219,"column":54}},"134":{"start":{"line":221,"column":4},"end":{"line":253,"column":54}},"135":{"start":{"line":222,"column":5},"end":{"line":225,"column":97}},"136":{"start":{"line":223,"column":6},"end":{"line":223,"column":143}},"137":{"start":{"line":225,"column":10},"end":{"line":225,"column":97}},"138":{"start":{"line":227,"column":5},"end":{"line":227,"column":47}},"139":{"start":{"line":229,"column":9},"end":{"line":253,"column":54}},"140":{"start":{"line":237,"column":5},"end":{"line":237,"column":57}},"141":{"start":{"line":238,"column":5},"end":{"line":238,"column":59}},"142":{"start":{"line":240,"column":5},"end":{"line":240,"column":26}},"143":{"start":{"line":242,"column":5},"end":{"line":242,"column":91}},"144":{"start":{"line":243,"column":5},"end":{"line":243,"column":47}},"145":{"start":{"line":245,"column":5},"end":{"line":249,"column":9}},"146":{"start":{"line":246,"column":6},"end":{"line":246,"column":60}},"147":{"start":{"line":247,"column":6},"end":{"line":247,"column":51}},"148":{"start":{"line":248,"column":6},"end":{"line":248,"column":57}},"149":{"start":{"line":251,"column":5},"end":{"line":251,"column":80}},"150":{"start":{"line":253,"column":5},"end":{"line":253,"column":54}},"151":{"start":{"line":255,"column":4},"end":{"line":255,"column":20}},"152":{"start":{"line":259,"column":2},"end":{"line":259,"column":79}},"153":{"start":{"line":262,"column":2},"end":{"line":269,"column":6}},"154":{"start":{"line":263,"column":3},"end":{"line":263,"column":50}},"155":{"start":{"line":265,"column":3},"end":{"line":265,"column":109}},"156":{"start":{"line":265,"column":23},"end":{"line":265,"column":109}},"157":{"start":{"line":267,"column":3},"end":{"line":267,"column":130}},"158":{"start":{"line":267,"column":86},"end":{"line":267,"column":125}},"159":{"start":{"line":268,"column":3},"end":{"line":268,"column":58}},"160":{"start":{"line":272,"column":2},"end":{"line":281,"column":6}},"161":{"start":{"line":273,"column":3},"end":{"line":280,"column":4}},"162":{"start":{"line":274,"column":4},"end":{"line":274,"column":40}},"163":{"start":{"line":275,"column":4},"end":{"line":275,"column":46}},"164":{"start":{"line":277,"column":4},"end":{"line":279,"column":8}},"165":{"start":{"line":278,"column":5},"end":{"line":278,"column":59}},"166":{"start":{"line":283,"column":2},"end":{"line":283,"column":15}},"167":{"start":{"line":285,"column":2},"end":{"line":285,"column":50}},"168":{"start":{"line":289,"column":0},"end":{"line":303,"column":2}},"169":{"start":{"line":290,"column":1},"end":{"line":290,"column":18}},"170":{"start":{"line":291,"column":1},"end":{"line":291,"column":62}},"171":{"start":{"line":293,"column":1},"end":{"line":298,"column":5}},"172":{"start":{"line":294,"column":2},"end":{"line":297,"column":6}},"173":{"start":{"line":295,"column":3},"end":{"line":295,"column":54}},"174":{"start":{"line":296,"column":3},"end":{"line":296,"column":59}},"175":{"start":{"line":300,"column":1},"end":{"line":302,"column":5}},"176":{"start":{"line":301,"column":2},"end":{"line":301,"column":69}}},"branchMap":{"1":{"line":24,"type":"if","locations":[{"start":{"line":24,"column":1},"end":{"line":24,"column":1}},{"start":{"line":24,"column":1},"end":{"line":24,"column":1}}]},"2":{"line":41,"type":"if","locations":[{"start":{"line":41,"column":1},"end":{"line":41,"column":1}},{"start":{"line":41,"column":1},"end":{"line":41,"column":1}}]},"3":{"line":41,"type":"binary-expr","locations":[{"start":{"line":41,"column":70},"end":{"line":41,"column":79}},{"start":{"line":41,"column":83},"end":{"line":41,"column":95}}]},"4":{"line":42,"type":"if","locations":[{"start":{"line":42,"column":1},"end":{"line":42,"column":1}},{"start":{"line":42,"column":1},"end":{"line":42,"column":1}}]},"5":{"line":42,"type":"binary-expr","locations":[{"start":{"line":42,"column":70},"end":{"line":42,"column":79}},{"start":{"line":42,"column":83},"end":{"line":42,"column":85}}]},"6":{"line":43,"type":"if","locations":[{"start":{"line":43,"column":1},"end":{"line":43,"column":1}},{"start":{"line":43,"column":1},"end":{"line":43,"column":1}}]},"7":{"line":43,"type":"binary-expr","locations":[{"start":{"line":43,"column":76},"end":{"line":43,"column":85}},{"start":{"line":43,"column":89},"end":{"line":43,"column":91}}]},"8":{"line":44,"type":"if","locations":[{"start":{"line":44,"column":1},"end":{"line":44,"column":1}},{"start":{"line":44,"column":1},"end":{"line":44,"column":1}}]},"9":{"line":44,"type":"binary-expr","locations":[{"start":{"line":44,"column":54},"end":{"line":44,"column":63}},{"start":{"line":44,"column":67},"end":{"line":44,"column":72}}]},"10":{"line":45,"type":"if","locations":[{"start":{"line":45,"column":1},"end":{"line":45,"column":1}},{"start":{"line":45,"column":1},"end":{"line":45,"column":1}}]},"11":{"line":47,"type":"if","locations":[{"start":{"line":47,"column":1},"end":{"line":47,"column":1}},{"start":{"line":47,"column":1},"end":{"line":47,"column":1}}]},"12":{"line":51,"type":"if","locations":[{"start":{"line":51,"column":1},"end":{"line":51,"column":1}},{"start":{"line":51,"column":1},"end":{"line":51,"column":1}}]},"13":{"line":55,"type":"binary-expr","locations":[{"start":{"line":55,"column":25},"end":{"line":55,"column":49}},{"start":{"line":55,"column":53},"end":{"line":55,"column":55}}]},"14":{"line":62,"type":"if","locations":[{"start":{"line":62,"column":2},"end":{"line":62,"column":2}},{"start":{"line":62,"column":2},"end":{"line":62,"column":2}}]},"15":{"line":71,"type":"if","locations":[{"start":{"line":71,"column":5},"end":{"line":71,"column":5}},{"start":{"line":71,"column":5},"end":{"line":71,"column":5}}]},"16":{"line":81,"type":"if","locations":[{"start":{"line":81,"column":3},"end":{"line":81,"column":3}},{"start":{"line":81,"column":3},"end":{"line":81,"column":3}}]},"17":{"line":91,"type":"binary-expr","locations":[{"start":{"line":91,"column":24},"end":{"line":91,"column":48}},{"start":{"line":91,"column":52},"end":{"line":91,"column":54}}]},"18":{"line":94,"type":"if","locations":[{"start":{"line":94,"column":1},"end":{"line":94,"column":1}},{"start":{"line":94,"column":1},"end":{"line":94,"column":1}}]},"19":{"line":123,"type":"if","locations":[{"start":{"line":123,"column":3},"end":{"line":123,"column":3}},{"start":{"line":123,"column":3},"end":{"line":123,"column":3}}]},"20":{"line":133,"type":"cond-expr","locations":[{"start":{"line":133,"column":49},"end":{"line":133,"column":57}},{"start":{"line":133,"column":60},"end":{"line":133,"column":69}}]},"21":{"line":136,"type":"if","locations":[{"start":{"line":136,"column":6},"end":{"line":136,"column":6}},{"start":{"line":136,"column":6},"end":{"line":136,"column":6}}]},"22":{"line":150,"type":"if","locations":[{"start":{"line":150,"column":5},"end":{"line":150,"column":5}},{"start":{"line":150,"column":5},"end":{"line":150,"column":5}}]},"23":{"line":150,"type":"binary-expr","locations":[{"start":{"line":150,"column":9},"end":{"line":150,"column":42}},{"start":{"line":150,"column":46},"end":{"line":150,"column":75}}]},"24":{"line":154,"type":"if","locations":[{"start":{"line":154,"column":5},"end":{"line":154,"column":5}},{"start":{"line":154,"column":5},"end":{"line":154,"column":5}}]},"25":{"line":154,"type":"binary-expr","locations":[{"start":{"line":154,"column":9},"end":{"line":154,"column":44}},{"start":{"line":154,"column":48},"end":{"line":154,"column":77}}]},"26":{"line":161,"type":"if","locations":[{"start":{"line":161,"column":6},"end":{"line":161,"column":6}},{"start":{"line":161,"column":6},"end":{"line":161,"column":6}}]},"27":{"line":167,"type":"if","locations":[{"start":{"line":167,"column":7},"end":{"line":167,"column":7}},{"start":{"line":167,"column":7},"end":{"line":167,"column":7}}]},"28":{"line":174,"type":"if","locations":[{"start":{"line":174,"column":8},"end":{"line":174,"column":8}},{"start":{"line":174,"column":8},"end":{"line":174,"column":8}}]},"29":{"line":175,"type":"if","locations":[{"start":{"line":175,"column":13},"end":{"line":175,"column":13}},{"start":{"line":175,"column":13},"end":{"line":175,"column":13}}]},"30":{"line":182,"type":"if","locations":[{"start":{"line":182,"column":5},"end":{"line":182,"column":5}},{"start":{"line":182,"column":5},"end":{"line":182,"column":5}}]},"31":{"line":187,"type":"if","locations":[{"start":{"line":187,"column":7},"end":{"line":187,"column":7}},{"start":{"line":187,"column":7},"end":{"line":187,"column":7}}]},"32":{"line":193,"type":"if","locations":[{"start":{"line":193,"column":5},"end":{"line":193,"column":5}},{"start":{"line":193,"column":5},"end":{"line":193,"column":5}}]},"33":{"line":221,"type":"if","locations":[{"start":{"line":221,"column":4},"end":{"line":221,"column":4}},{"start":{"line":221,"column":4},"end":{"line":221,"column":4}}]},"34":{"line":222,"type":"if","locations":[{"start":{"line":222,"column":5},"end":{"line":222,"column":5}},{"start":{"line":222,"column":5},"end":{"line":222,"column":5}}]},"35":{"line":229,"type":"if","locations":[{"start":{"line":229,"column":9},"end":{"line":229,"column":9}},{"start":{"line":229,"column":9},"end":{"line":229,"column":9}}]},"36":{"line":229,"type":"binary-expr","locations":[{"start":{"line":229,"column":13},"end":{"line":229,"column":33}},{"start":{"line":229,"column":37},"end":{"line":229,"column":91}}]},"37":{"line":265,"type":"if","locations":[{"start":{"line":265,"column":3},"end":{"line":265,"column":3}},{"start":{"line":265,"column":3},"end":{"line":265,"column":3}}]},"38":{"line":273,"type":"if","locations":[{"start":{"line":273,"column":3},"end":{"line":273,"column":3}},{"start":{"line":273,"column":3},"end":{"line":273,"column":3}}]}},"code":["var path = require('path');","var parcelMap = require( 'parcel-map' );","var shasum = require( 'shasum' );","var through2 = require( 'through2' );","var path = require( 'path' );","var _ = require( 'underscore' );","var async = require( 'async' );","var glob = require( 'glob' );","var Package = require( './lib/package' );","var Parcel = require( './lib/parcel' );","var inherits = require( 'inherits' );","var log = require( 'npmlog' );","","var EventEmitter = require('events').EventEmitter;","var Package = require('./lib/package.js');","","module.exports = Parcelify;","","inherits( Parcelify, EventEmitter );","","function Parcelify( browserifyInstance, options ) {","\tvar _this = this;","\t","\tif( ! ( this instanceof Parcelify ) ) return new Parcelify( browserifyInstance, options );","","\toptions = _.defaults( {}, options, {","\t\tbundles : {},\t\t\t\t\t\t// ignored when bundlesByEntryPoint is provided","\t\tbundlesByEntryPoint : undefined,\t// required when there are multiple entry points","","\t\tappTransforms : undefined,","\t\tappTransformDirs : undefined,","\t\t","\t\twatch : undefined,","\t\tlogLevel : undefined,","","\t\t// used internally or in order to share packages between multiple parcelify instances","\t\texistingPackages : undefined","\t} );","","\t// option aliases","\tif( _.isUndefined( options.bundles.style ) ) options.bundles.style = options.o || 'bundle.css';","\tif( _.isUndefined( options.appTransforms ) ) options.appTransforms = options.t || [];","\tif( _.isUndefined( options.appTransformDirs ) ) options.appTransformDirs = options.d || [];","\tif( _.isUndefined( options.watch ) ) options.watch = options.w || false;","\tif( _.isUndefined( options.logLevel ) ) options.logLevel = options.l;","","\tif( _.isString( options.appTransforms ) ) options.appTransforms = [ options.appTransforms ];","","\tthis.watching = false;","","\tif( options.logLevel ) log.level = options.logLevel;","","\t// before we jump the gun, return from this function so we can listen to events from the calling function","\tprocess.nextTick( function() {","\t\tvar existingPackages = options.existingPackages || {};","\t\tvar mappedAssets = {};","","\t\t_this.on( 'error', function( err ) {","\t\t\tlog.error( '', err ); // otherwise errors kill our watch task. Especially bad for transform errors","\t\t} );","","\t\tif( options.watch ) {","\t\t\tbrowserifyInstance.on( 'update', _.debounce( function( changedMains ) {","\t\t\t\t_this.watching = true;","","\t\t\t\tvar processParcelOptions = _.clone( options );","\t\t\t\tprocessParcelOptions.existingPackages = existingPackages;","\t\t\t\tprocessParcelOptions.mappedAssets = mappedAssets;","","\t\t\t\t_this.processParcels( browserifyInstance, processParcelOptions, function( err ) {","\t\t\t\t\tif( err ) _this.emit( 'error', err );","\t\t\t\t} );","\t\t\t}, 1000, true ) );","\t\t}","","\t\tvar processParcelOptions = _.clone( options );","\t\tprocessParcelOptions.existingPackages = existingPackages;","\t\tprocessParcelOptions.mappedAssets = mappedAssets;","","\t\t_this.processParcels( browserifyInstance, processParcelOptions, function( err ) {","\t\t\tif( err ) _this.emit( 'error', err );","\t\t} );","\t} );","","\treturn _this;","}","","Parcelify.prototype.processParcels = function( browserifyInstance, options, callback ) {","\tvar _this = this;","","\tvar existingPackages = options.existingPackages || {};","\tvar assetTypes;","","\tif( options.bundlesByEntryPoint ) {","\t\tassetTypes = _.reduce( options.bundlesByEntryPoint, function( assetTypesMemo, bundlesForThisEntryPoint ) {","\t\t\treturn _.union( assetTypesMemo, _.keys( bundlesForThisEntryPoint ) );","\t\t}, [] )","\t} else assetTypes = _.keys( options.bundles );","\t","\tvar packages = _.reduce( existingPackages, function( memo, thisPackage, thisPackageId ) {","\t\tmemo[ thisPackage.path ] = thisPackage.package;","\t\treturn memo;","\t}, {} );","","\tvar dependencies = _.reduce( existingPackages, function( memo, thisPackage, thisPackageId ) {","\t\tmemo[ thisPackage.path ] = _.map( thisPackage.dependencies, function( thisDependency ) { return thisDependency.path; } );","\t\treturn memo;","\t}, {} );","","\tvar parcelMapEmitter = parcelMap( browserifyInstance, {","\t\tkeys : assetTypes,","\t\tfiles : options.mappedAssets,","\t\tpackages : packages,","\t\tdependencies : dependencies","\t} );","","\tparcelMapEmitter.on( 'error', function( err ) {
[...]
90":0,"91":0,"92":0,"93":0,"94":0,"95":0,"96":0},"b":{"1":[0,0],"2":[0,0],"3":[0,0],"4":[0,0],"5":[0,0],"6":[0,0],"7":[0,0],"8":[0,0],"9":[0,0],"10":[0,0],"11":[0,0],"12":[0,0],"13":[0,0],"14":[0,0],"15":[0,0],"16":[0,0],"17":[0,0],"18":[0,0]},"f":{"1":0,"2":0,"3":0,"4":0,"5":0,"6":0,"7":0,"8":0,"9":0,"10":0,"11":0,"12":0,"13":0,"14":0,"15":0,"16":0,"17":0,"18":0,"19":0,"20":0,"21":0},"fnMap":{"1":{"name":"Parcel","line":15,"loc":{"start":{"line":15,"column":0},"end":{"line":15,"column":27}}},"2":{"name":"(anonymous_2)","line":28,"loc":{"start":{"line":28,"column":42},"end":{"line":28,"column":53}}},"3":{"name":"getEdgesForPackageDependencyGraph","line":31,"loc":{"start":{"line":31,"column":1},"end":{"line":31,"column":93}}},"4":{"name":"(anonymous_4)","line":37,"loc":{"start":{"line":37,"column":42},"end":{"line":37,"column":81}}},"5":{"name":"(anonymous_5)","line":64,"loc":{"start":{"line":64,"column":36},"end":{"line":64,"column":59}}},"6":{"name":"(anonymous_6)","line":66,"loc":{"start":{"line":66,"column":21},"end":{"line":66,"column":47}}},"7":{"name":"(anonymous_7)","line":68,"loc":{"start":{"line":68,"column":67},"end":{"line":68,"column":97}}},"8":{"name":"(anonymous_8)","line":71,"loc":{"start":{"line":71,"column":29},"end":{"line":71,"column":63}}},"9":{"name":"(anonymous_9)","line":82,"loc":{"start":{"line":82,"column":40},"end":{"line":82,"column":60}}},"10":{"name":"(anonymous_10)","line":85,"loc":{"start":{"line":85,"column":26},"end":{"line":85,"column":55}}},"11":{"name":"(anonymous_11)","line":90,"loc":{"start":{"line":90,"column":57},"end":{"line":90,"column":91}}},"12":{"name":"(anonymous_12)","line":99,"loc":{"start":{"line":99,"column":32},"end":{"line":99,"column":55}}},"13":{"name":"(anonymous_13)","line":103,"loc":{"start":{"line":103,"column":47},"end":{"line":103,"column":83}}},"14":{"name":"(anonymous_14)","line":107,"loc":{"start":{"line":107,"column":53},"end":{"line":107,"column":87}}},"15":{"name":"(anonymous_15)","line":117,"loc":{"start":{"line":117,"column":5},"end":{"line":117,"column":21}}},"16":{"name":"(anonymous_16)","line":125,"loc":{"start":{"line":125,"column":31},"end":{"line":125,"column":72}}},"17":{"name":"(anonymous_17)","line":134,"loc":{"start":{"line":134,"column":61},"end":{"line":134,"column":78}}},"18":{"name":"(anonymous_18)","line":155,"loc":{"start":{"line":155,"column":30},"end":{"line":155,"column":63}}},"19":{"name":"(anonymous_19)","line":158,"loc":{"start":{"line":158,"column":31},"end":{"line":158,"column":47}}},"20":{"name":"(anonymous_20)","line":162,"loc":{"start":{"line":162,"column":29},"end":{"line":162,"column":45}}},"21":{"name":"(anonymous_21)","line":167,"loc":{"start":{"line":167,"column":4},"end":{"line":167,"column":20}}}},"statementMap":{"1":{"start":{"line":1,"column":0},"end":{"line":1,"column":37}},"2":{"start":{"line":2,"column":0},"end":{"line":2,"column":37}},"3":{"start":{"line":3,"column":0},"end":{"line":3,"column":32}},"4":{"start":{"line":4,"column":0},"end":{"line":4,"column":31}},"5":{"start":{"line":5,"column":0},"end":{"line":5,"column":37}},"6":{"start":{"line":6,"column":0},"end":{"line":6,"column":37}},"7":{"start":{"line":7,"column":0},"end":{"line":7,"column":29}},"8":{"start":{"line":8,"column":0},"end":{"line":8,"column":33}},"9":{"start":{"line":9,"column":0},"end":{"line":9,"column":25}},"10":{"start":{"line":11,"column":0},"end":{"line":11,"column":24}},"11":{"start":{"line":13,"column":0},"end":{"line":13,"column":28}},"12":{"start":{"line":15,"column":0},"end":{"line":26,"column":1}},"13":{"start":{"line":16,"column":1},"end":{"line":16,"column":18}},"14":{"start":{"line":18,"column":1},"end":{"line":18,"column":31}},"15":{"start":{"line":20,"column":1},"end":{"line":20,"column":34}},"16":{"start":{"line":21,"column":1},"end":{"line":21,"column":22}},"17":{"start":{"line":22,"column":1},"end":{"line":22,"column":29}},"18":{"start":{"line":23,"column":1},"end":{"line":23,"column":30}},"19":{"start":{"line":25,"column":1},"end":{"line":25,"column":36}},"20":{"start":{"line":28,"column":0},"end":{"line":62,"column":2}},"21":{"start":{"line":29,"column":1},"end":{"line":29,"column":35}},"22":{"start":{"line":31,"column":1},"end":{"line":53,"column":2}},"23":{"start":{"line":32,"column":2},"end":{"line":32,"column":57}},"24":{"start":{"line":32,"column":39},"end":{"line":32,"column":57}},"25":{"start":{"line":33,"column":2},"end":{"line":33,"column":66}},"26":{"start":{"line":33,"column":43},"end":{"line":33,"column":66}},"27":{"start":{"line":35,"column":2},"end":{"line":35,"column":102}},"28":{"start":{"line":35,"column":48},"end":{"line":35,"column":102}},"29":{"start":{"line":37,"column":2},"end":{"line":52,"column":10}},"30":{"start":{"line":40,"column":3},"end":{"line":42,"column":4}},"31":{"start":{"line":41,"column":4},"end":{"line":41,"column":122}},"32":{"start":{"line":47,"column":3},"end":{"line":49,"column":4}},"33":{"start":{"line":48,"column":4},"end":{"line":48,"column":68}},"34":{"start":{"line":51,"column":3},"end":{"line":51,"column":15}},"35":{"start":{"line":55,"column":1},"end":{"line":55,"column":55}},"36":{"start":{"line":56,"column":1},"end":{"line":56,"column":50}},"37":{"start":{"line":59,"column":1},"end":{"line":59,"column":52}},"38":{"start":{"line":61,"column":1},"end":{"line":61,"column":42}},"39":{"start":{"line":64,"column":0},"end":{"line":80,"column":2}},"40":{"start":{"line":65,"column":1},"end":{"line":65,"column":11}},"41":{"start":{"line":66,"column":1},"end":{"line":66,"column":81}},"42":{"start":{"line":66,"column":49},"end":{"line":66,"column":76}},"43":{"start":{"line":68,"column":1},"end":{"line":77,"column":11}},"44":{"start":{"line":69,"column":2},"end":{"line":69,"column":51}},"45":{"start":{"line":71,"column":2},"end":{"line":74,"column":6}},"46":{"start":{"line":72,"column":3},"end":{"line":73,"column":67}},"47":{"start":{"line":73,"column":4},"end":{"line":73,"column":67}},"48":{"start":{"line":76,"column":2},"end":{"line":76,"column":14}},"49":{"start":{"line":79,"column":1},"end":{"line":79,"column":81}},"50":{"start":{"line":82,"column":0},"end":{"line":123,"column":2}},"51":{"start":{"line":83,"column":1},"end":{"line":83,"column":18}},"52":{"start":{"line":85,"column":1},"end":{"line":97,"column":5}},"53":{"start":{"line":86,"column":2},"end":{"line":87,"column":43}},"54":{"start":{"line":87,"column":3},"end":{"line":87,"column":43}},"55":{"start":{"line":89,"column":2},"end":{"line":96,"column":3}},"56":{"start":{"line":90,"column":3},"end":{"line":95,"column":7}},"57":{"start":{"line":91,"column":4},"end":{"line":91,"column":48}},"58":{"start":{"line":91,"column":14},"end":{"line":91,"column":48}},"59":{"start":{"line":93,"column":4},"end":{"line":93,"column":92}},"60":{"start":{"line":93,"column":27},"end":{"line":93,"column":92}},"61":{"start":{"line":99,"column":1},"end":{"line":122,"column":5}},"62":{"start":{"line":100,"column":2},"end":{"line":100,"column":90}},"63":{"start":{"line":101,"column":2},"end":{"line":101,"column":59}},"64":{"start":{"line":103,"column":2},"end":{"line":121,"column":6}},"65":{"start":{"line":104,"column":3},"end":{"line":104,"column":58}},"66":{"start":{"line":105,"column":3},"end":{"line":105,"column":44}},"67":{"start":{"line":105,"column":26},"end":{"line":105,"column":44}},"68":{"start":{"line":107,"column":3},"end":{"line":116,"column":7}},"69":{"start":{"line":112,"column":4},"end":{"line":113,"column":99}},"70":{"start":{"line":112,"column":14},"end":{"line":112,"column":41}},"71":{"start":{"line":113,"column":9},"end":{"line":113,"column":99}},"72":{"start":{"line":113,"column":32},"end":{"line":113,"column":99}},"73":{"start":{"line":115,"column":4},"end":{"line":115,"column":15}},"74":{"start":{"line":118,"column":3},"end":{"line":118,"column":40}},"75":{"start":{"line":118,"column":13},"end":{"line":118,"column":40}},"76":{"start":{"line":125,"column":0},"end":{"line":175,"column":2}},"77":{"start":{"line":126,"column":1},"end":{"line":126,"column":18}},"78":{"start":{"line":128,"column":1},"end":{"line":128,"column":55}},"79":{"start":{"line":129,"column":1},"end":{"line":129,"column":76}},"80":{"start":{"line":129,"column":45},"end":{"line":129,"column":76}},"81":{"start":{"line":131,"column":1},"end":{"line":131,"column":25}},"82":{"start":{"line":132,"column":1},"end":{"line":132,"column":96}},"83":{"start":{"line":134,"column":1},"end":{"line":152,"column":5}},"84":{"start":{"line":141,"column":2},"end":{"line":141,"column":42}},"85":{"start":{"line":141,"column":12},"end":{"line":141,"column":42}},"86":{"start":{"line":150,"column":3},"end":{"line":150,"column":26}},"87":{"start":{"line":155,"column":1},"end":{"line":174,"column":5}},"88":{"start":{"line":156,"column":2},"end":{"line":156,"column":53}},"89":{"start":{"line":158,"column":2},"end":{"line":160,"column":6}},"90":{"start":{"line":159,"column":3},"end":{"line":159,"column":106}},"91":{"start":{"line":162,"column":2},"end":{"line":164,"column":6}},"92":{"start":{"line":163,"column":3},"end":{"line":163,"column":15}},"93":{"start":{"line":166,"column":2},"end":{"line":166,"column":50}},"94":{"start":{"line":168,"column":2},"end":{"line":168,"column":42}},"95":{"start":{"line":168,"column":12},"end":{"line":168,"column":42}},"96":{"start":{"line":170,"column":2},"end":{"line":170,"column":15}}},"branchMap":{"1":{"line":32,"type":"if","locations":[{"start":{"line":32,"column":2},"end":{"line":32,"column":2}},{"start":{"line":32,"column":2},"end":{"line":32,"column":2}}]},"2":{"line":33,"type":"if","locations":[{"start":{"line":33,"column":2},"end":{"line":33,"column":2}},{"start":{"line":33,"column":2},"end":{"line":33,"column":2}}]},"3":{"line":35,"type":"if","locations":[{"start":{"line":35,"column":2},"end":{"line":35,"column":2}},{"start":{"line":35,"column":2},"end":{"line":35,"column":2}}]},"4":{"line":40,"type":"if","locations":[{"start":{"line":40,"column":3},"end":{"line":40,"column":3}},{"start":{"line":40,"column":3},"end":{"line":40,"column":3}}]},"5":{"line":47,"type":"if","locations":[{"start":{"line":47,"column":3},"end":{"line":47,"column":3}},{"start":{"line":47,"column":3},"end":{"line":47,"column":3}}]},"6":{"line":72,"type":"if","locations":[{"start":{"line":72,"column":3},"end":{"line":72,"column":3}},{"start":{"line":72,"column":3},"end":{"line":72,"column":3}}]},"7":{"line":86,"type":"if","locations":[{"start":{"line":86,"column":2},"end":{"line":86,"column":2}},{"start":{"line":86,"column":2},"end":{"line":86,"column":2}}]},"8":{"line":89,"type":"if","locations":[{"start":{"line":89,"column":2},"end":{"line":89,"column":2}},{"start":{"line":89,"column":2},"end":{"line":89,"column":2}}]},"9":{"line":91,"type":"if","locations":[{"start":{"line":91,"column":4},"end":{"line":91,"column":4}},{"start":{"line":91,"column":4},"end":{"line":91,"column":4}}]},"10":{"line":93,"type":"if","locations":[{"start":{"line":93,"column":4},"end":{"line":93,"column":4}},{"start":{"line":93,"column":4},"end":{"line":93,"column":4}}]},"11":{"line":105,"type":"if","locations":[{"start":{"line":105,"column":3},"end":{"line":105,"column":3}},{"start":{"line":105,"column":3},"end":{"line":105,"column":3}}]},"12":{"line":112,"type":"if","locations":[{"start":{"line":112,"column":4},"end":{"line":112,"column":4}},{"start":{"line":112,"column":4},"end":{"line":112,"column":4}}]},"13":{"line":113,"type":"if","locations":[{"start":{"line":113,"column":9},"end":{"line":113,"column":9}},{"start":{"line":113,"column":9},"end":{"line":113,"column":9}}]},"14":{"line":118,"type":"if","locations":[{"start":{"line":118,"column":3},"end":{"line":118,"column":3}},{"start":{"line":118,"column":3},"end":{"line":118,"column":3}}]},"15":{"line":129,"type":"if","locations":[{"start":{"line":129,"column":1},"end":{"line":129,"column":1}},{"start":{"line":129,"column":1},"end":{"line":129,"column":1}}]},"16":{"line":129,"type":"binary-expr","locations":[{"start":{"line":129,"column":5},"end":{"line":129,"column":16}},{"start":{"line":129,"column":20},"end":{"line":129,"column":42}}]},"17":{"line":141,"type":"if","locations":[{"start":{"line":141,"column":2},"end":{"line":141,"column":2}},{"start":{"line":141,"column":2},"end":{"line":141,"column":2}}]},"18":{"line":168,"type":"if","locations":[{"start":{"line":168,"column":2},"end":{"line":168,"column":2}},{"start":{"line":168,"column":2},"end":{"line":168,"column":2}}]}},"code":["var inherits = require( 'inherits' );","var Package = require( './package' );","var _ = require( 'underscore' );","var async = require( 'async' );","var toposort = require( 'toposort' );","var through2 = require( 'through2' );","var path = require( 'path' );","var crypto = require( 'crypto' );","var fs = require( 'fs' );","","module.exports = Parcel;","","inherits( Parcel, Package );","","function Parcel( options ) {","\tvar _this = this;","","\tPackage.call( this, options );","","\tthis.mainPath = options.mainPath;","\tthis.isParcel = true;","\tthis.bundlePathsByType = {};","\tthis.parcelAssetsByType = {};","","\tthis.dependentParcels.push( this ); // parcels depend on themselves!","}","","Parcel.prototype.calcSortedDependencies = function() {","\tvar packagesWithDependencies = [];","","\tfunction getEdgesForPackageDependencyGraph( thisPackage, thisTreeLevel, packageTreeLevels ) {","\t\tif( _.isUndefined( thisTreeLevel ) ) thisTreeLevel = 0;","\t\tif( _.isUndefined( packageTreeLevels ) ) packageTreeLevels = {};","","\t\tif( ! packageTreeLevels[ thisPackage.path ] ) packageTreeLevels[ thisPackage.path ] = thisTreeLevel;","","\t\treturn thisPackage.dependencies.reduce( function( memo, thisDependentPackage ) {","\t\t\t// these conditionals are to avoid cycles and infinite recursion.","\t\t\t// first, we only traverse each node once to avoid infinite recursion.","\t\t\tif( _.isUndefined( packageTreeLevels[ thisDependentPackage.path ] ) ) {","\t\t\t\tmemo = memo.concat( getEdgesForPackageDependencyGraph( thisDependentPackage, thisTreeLevel + 1, packageTreeLevels ) );","\t\t\t}","","\t\t\t// second, we keep track of the levels of the nodes in the dependency tree (where","\t\t\t// level 0 is the root node i.e. the parcel itself). nodes can only have dependencies","\t\t\t// on other nodes with a level equal to or greater than their own. done.","\t\t\tif( packageTreeLevels[ thisDependentPackage.path ] >= packageTreeLevels[ thisPackage.path ] ) {","\t\t\t\tmemo = memo.concat( [ [ thisPackage, thisDependentPackage ] ] );","\t\t\t}","","\t\t\treturn memo;","\t\t}, [] );","\t}","","\tvar edges = getEdgesForPackageDependencyGraph( this );","\tvar sortedPackages = toposort( edges ).reverse();","","\t//sortedPackages = _.union( sortedPackages, Object.keys( packageManifest ) ); // union cuz some packages have no dependencies!","\tsortedPackages = _.without( sortedPackages, this );","","\tthis.sortedDependencies = sortedPackages;","};","","Parcel.prototype.calcParcelAssets = function( assetTypes ) {","\tmemo = {};","\tassetTypes.forEach( function( thisAssetType ) { memo[ thisAssetType ] = []; } );","","\tvar sortedAssets = this.sortedDependencies.concat( this ).reduce( function( memo, thisPackage ) {","\t\tvar thisPackageAssets = thisPackage.assetsByType;","","\t\t_.each( thisPackageAssets, function( assets, thisAssetType ) {","\t\t\tif( _.contains( assetTypes, thisAssetType ) )","\t\t\t\tmemo[ thisAssetType ] = memo[ thisAssetType ].concat( assets );","\t\t} );","","\t\treturn memo;","\t}, memo );","","\tthis.parcelAssetsByType = _.extend( {}, this.parcelAssetsByType, sortedAssets );","};","","Parcel.prototype.attachWatchListeners = function( bundles ) {","\tvar _this = this;","","\tthis.on( 'assetUpdated', function( eventType, asset ) {","\t\tif( _.contains( [ 'added', 'deleted' ], eventType ) )","\t\t\tthis.calcParcelAssets( [ asset.type ] );","","\t\tif( bundles[ asset.type ] ) {","\t\t\t_this.writeBundle( asset.type, bundles[ asset.type ], function( err, bundleWasWritten ) {","\t\t\t\tif( err ) return _this.emit( 'error', err );","","\t\t\t\tif( bundleWasWritten ) _this.emit( 'bundleUpdated', bundles[ asset.type ], asset.type );","\t\t\t\t// ... done!","\t\t\t} );","\t\t}","\t} );","","\tthis.on( 'packageJsonUpdated', function( thePackage ) {","\t\tvar bundlesToRewrite = _.pick( bundles, _.without( Object.keys( bundles ), 'script' ) );","\t\tthis.calcParcelAssets( Object.keys( bundlesToRewrite ) );","","\t\tasync.each( Object.keys( bundlesToRewrite ), function( thisAssetType, nextEach ) {","\t\t\tvar thisBundlePath = bundlesToRewrite[ thisAssetType ];","\t\t\tif( ! thisBundlePath ) return nextEach();","\t\t","\t\t\t_this.writeBundle( thisAssetType, thisBundlePath, function( err, bundleWasWritten ) {","\t\t\t\t// don't stop writing other bundles if there was an error on this one. errors happen","\t\t\t\t// frequently with transforms.. like invalid scss, etc. don't stop the show, just ","\t\t\t\t// keep going with our other bundles.","","\t\t\t\tif( err ) _this.emit( 'error', err );","\t\t\t\telse if( bundleWasWritten ) _this.emit( 'bundleWritten', thisBundlePath, thisAssetType, true );","","\t\t\t\tnextEach();","\t\t\t} );","\t\t}, function( err ) {","\t\t\tif( err ) _this.emit( 'error', err );","","\t\t\t // done );","\t\t} );","\t} );","};","","Parcel.prototype.writeBundle = function( assetType, dstPath, callback ) {","\tvar _this = this;","\t\t","\tvar srcAssets = _this.parcelAssetsByType[ assetType ];","\tif( ! srcAssets || srcAssets.length === 0 ) return callback( null, false ); // we don't want to create an empty bundle just because we have no source files","","\tvar bundle = through2();","\tvar tempBundlePath = path.join( path.dirname( dstPath ), '.temp_' + path.basename( dstPath ) );","","\tbundle.pipe( fs.createWriteStream( dstPath ) ).on( 'close', function ( err ) {","\t\t// execution resumes here after all the individual asset streams","\t\t// have been piped to this bundle. we need to pipe the bundle to the writable","\t\t// stream first (before individual assets are piped to bundle stream)","\t\t// so that if the high water mark is reached on one of the readable streams","\t\t// it doesn't pause (with no way to resume). See github issue #15.","\t\t","\t\tif( err ) return callback( err, false );","","\t\t// fs.rename( tempBundlePath, dstPath, function( err ) {","\t\t// \tif( err ) console.log( 'yoyoyoo', fs.existsSync( tempBundlePath ), dstPath, srcAssets );","","\t\t// \tif( err ) return callback( err );","","\t\t\t//_this.bundlePathsByType[ assetType ] = dstPath; // don't do this. isn't really a property of the parcel so much as an input to parcelify","","\t\t\tcallback( null, true );","\t\t// } );","\t} );","","\t// pipe all our individual style streams to the bundle in order to concatenate them","\tasync.eachSeries( srcAssets, function( thisAsset, nextAsset ) {","\t\tvar thisAssetStream = thisAsset.createReadStream();","","\t\tthisAssetStream.on( 'error', function( err ) {","\t\t\tnextAsset( new Error( 'While reading or transforming \"' + thisAsset.srcPath + '\":\\n' + err.message ) );","\t\t} );","","\t\tthisAssetStream.on( 'end', function( err ) {","\t\t\tnextAsset();","\t\t} );","","\t\tthisAssetStream.pipe( bundle, { end : false } );","\t}, function( err ) {","\t\tif( err ) return callback( err, false );","","\t\tbundle.end();","\t\t","\t\t// execution will resume up above on the","\t\t// `close` event handler for our bundle","\t} );","};","",""],"l":{"1":1,"2":1,"3":1,"4":1,"5":1,"6":1,"7":1,"8":1,"9":1,"11":1,"13":1,"15":1,"16":0,"18":0,"20":0,"21":0,"22":0,"23":0,"25":0,"28":1,"29":0,"31":1,"32":0,"33":0,"35":0,"37":0,"40":0,"41":0,"47":0,"48":0,"51":0,"55":0,"56":0,"59":0,"61":0,"64":1,"65":0,"66":0,"68":0,"69":0,"71":0,"72":0,"73":0,"76":0,"79":0,"82":1,"83":0,"85":0,"86":0,"87":0,"89":0,"90":0,"91":0,"93":0,"99":0,"100":0,"101":0,"103":0,"104":0,"105":0,"107":0,"112":0,"113":0,"115":0,"118":0,"125":1,"126":0,"128":0,"129":0,"131":0,"132":0,"134":0,"141":0,"150":0,"155":0,"156":0,"158":0,"159":0,"162":0,"163":0,"166":0,"168":0,"170":0}}}